Calling target program-options parser
[10:12:47.564] [bmv2] [D] [thread 2043] Set default default entry for table 'MyIngress.ipv4_lpm': MyIngress.drop - 
Adding interface s3-eth1 as port 1
[10:12:47.564] [bmv2] [D] [thread 2043] Adding interface s3-eth1 as port 1
Adding interface s3-eth2 as port 2
[10:12:47.733] [bmv2] [D] [thread 2043] Adding interface s3-eth2 as port 2
Server listening on 0.0.0.0:50053
[10:12:47.754] [bmv2] [I] [thread 2043] Starting Thrift server on port 9092
[10:12:47.754] [bmv2] [I] [thread 2043] Thrift server was started
[10:12:48.022] [bmv2] [D] [thread 2053] [0.0] [cxt 0] Processing packet received on port 2
[10:12:48.022] [bmv2] [D] [thread 2053] [0.0] [cxt 0] Parser 'parser': start
[10:12:48.022] [bmv2] [D] [thread 2053] [0.0] [cxt 0] Parser 'parser' entering state 'start'
[10:12:48.022] [bmv2] [D] [thread 2053] [0.0] [cxt 0] Extracting header 'ethernet'
[10:12:48.022] [bmv2] [D] [thread 2053] [0.0] [cxt 0] Parser state 'start': key is 86dd
[10:12:48.022] [bmv2] [T] [thread 2053] [0.0] [cxt 0] Bytes parsed: 14
[10:12:48.022] [bmv2] [D] [thread 2053] [0.0] [cxt 0] Parser 'parser': end
[10:12:48.022] [bmv2] [D] [thread 2053] [0.0] [cxt 0] Pipeline 'ingress': start
[10:12:48.022] [bmv2] [T] [thread 2053] [0.0] [cxt 0] basic.p4(114) Condition "hdr.ipv4.isValid()" (node_2) is false
[10:12:48.022] [bmv2] [D] [thread 2053] [0.0] [cxt 0] Pipeline 'ingress': end
[10:12:48.022] [bmv2] [D] [thread 2053] [0.0] [cxt 0] Egress port is 0
[10:12:48.022] [bmv2] [D] [thread 2053] [1.0] [cxt 0] Processing packet received on port 2
[10:12:48.022] [bmv2] [D] [thread 2053] [1.0] [cxt 0] Parser 'parser': start
[10:12:48.022] [bmv2] [D] [thread 2053] [1.0] [cxt 0] Parser 'parser' entering state 'start'
[10:12:48.022] [bmv2] [D] [thread 2053] [1.0] [cxt 0] Extracting header 'ethernet'
[10:12:48.022] [bmv2] [D] [thread 2053] [1.0] [cxt 0] Parser state 'start': key is 86dd
[10:12:48.022] [bmv2] [T] [thread 2053] [1.0] [cxt 0] Bytes parsed: 14
[10:12:48.022] [bmv2] [D] [thread 2053] [1.0] [cxt 0] Parser 'parser': end
[10:12:48.022] [bmv2] [D] [thread 2053] [1.0] [cxt 0] Pipeline 'ingress': start
[10:12:48.022] [bmv2] [T] [thread 2053] [1.0] [cxt 0] basic.p4(114) Condition "hdr.ipv4.isValid()" (node_2) is false
[10:12:48.022] [bmv2] [D] [thread 2053] [1.0] [cxt 0] Pipeline 'ingress': end
[10:12:48.022] [bmv2] [D] [thread 2053] [1.0] [cxt 0] Egress port is 0
[10:12:48.022] [bmv2] [D] [thread 2054] [0.0] [cxt 0] Pipeline 'egress': start
[10:12:48.022] [bmv2] [D] [thread 2054] [0.0] [cxt 0] Pipeline 'egress': end
[10:12:48.022] [bmv2] [D] [thread 2054] [0.0] [cxt 0] Deparser 'deparser': start
[10:12:48.022] [bmv2] [T] [thread 2054] [0.0] [cxt 0] Skipping checksum 'cksum' update because condition not met
[10:12:48.022] [bmv2] [D] [thread 2054] [0.0] [cxt 0] Deparsing header 'ethernet'
[10:12:48.022] [bmv2] [D] [thread 2054] [0.0] [cxt 0] Deparser 'deparser': end
[10:12:48.022] [bmv2] [D] [thread 2054] [1.0] [cxt 0] Pipeline 'egress': start
[10:12:48.022] [bmv2] [D] [thread 2054] [1.0] [cxt 0] Pipeline 'egress': end
[10:12:48.022] [bmv2] [D] [thread 2054] [1.0] [cxt 0] Deparser 'deparser': start
[10:12:48.022] [bmv2] [T] [thread 2054] [1.0] [cxt 0] Skipping checksum 'cksum' update because condition not met
[10:12:48.022] [bmv2] [D] [thread 2054] [1.0] [cxt 0] Deparsing header 'ethernet'
[10:12:48.022] [bmv2] [D] [thread 2054] [1.0] [cxt 0] Deparser 'deparser': end
[10:12:48.022] [bmv2] [D] [thread 2058] [0.0] [cxt 0] Transmitting packet of size 90 out of port 0
[10:12:48.022] [bmv2] [D] [thread 2058] [1.0] [cxt 0] Transmitting packet of size 70 out of port 0
[10:12:48.053] [bmv2] [D] [thread 2053] [2.0] [cxt 0] Processing packet received on port 2
[10:12:48.053] [bmv2] [D] [thread 2053] [2.0] [cxt 0] Parser 'parser': start
[10:12:48.053] [bmv2] [D] [thread 2053] [2.0] [cxt 0] Parser 'parser' entering state 'start'
[10:12:48.053] [bmv2] [D] [thread 2053] [2.0] [cxt 0] Extracting header 'ethernet'
[10:12:48.053] [bmv2] [D] [thread 2053] [2.0] [cxt 0] Parser state 'start': key is 86dd
[10:12:48.053] [bmv2] [T] [thread 2053] [2.0] [cxt 0] Bytes parsed: 14
[10:12:48.053] [bmv2] [D] [thread 2053] [2.0] [cxt 0] Parser 'parser': end
[10:12:48.053] [bmv2] [D] [thread 2053] [2.0] [cxt 0] Pipeline 'ingress': start
[10:12:48.053] [bmv2] [T] [thread 2053] [2.0] [cxt 0] basic.p4(114) Condition "hdr.ipv4.isValid()" (node_2) is false
[10:12:48.053] [bmv2] [D] [thread 2053] [2.0] [cxt 0] Pipeline 'ingress': end
[10:12:48.053] [bmv2] [D] [thread 2053] [2.0] [cxt 0] Egress port is 0
[10:12:48.053] [bmv2] [D] [thread 2053] [3.0] [cxt 0] Processing packet received on port 1
[10:12:48.053] [bmv2] [D] [thread 2053] [3.0] [cxt 0] Parser 'parser': start
[10:12:48.053] [bmv2] [D] [thread 2053] [3.0] [cxt 0] Parser 'parser' entering state 'start'
[10:12:48.053] [bmv2] [D] [thread 2053] [3.0] [cxt 0] Extracting header 'ethernet'
[10:12:48.053] [bmv2] [D] [thread 2053] [3.0] [cxt 0] Parser state 'start': key is 86dd
[10:12:48.053] [bmv2] [T] [thread 2053] [3.0] [cxt 0] Bytes parsed: 14
[10:12:48.053] [bmv2] [D] [thread 2053] [3.0] [cxt 0] Parser 'parser': end
[10:12:48.053] [bmv2] [D] [thread 2053] [3.0] [cxt 0] Pipeline 'ingress': start
[10:12:48.053] [bmv2] [D] [thread 2054] [2.0] [cxt 0] Pipeline 'egress': start
[10:12:48.053] [bmv2] [D] [thread 2054] [2.0] [cxt 0] Pipeline 'egress': end
[10:12:48.053] [bmv2] [D] [thread 2054] [2.0] [cxt 0] Deparser 'deparser': start
[10:12:48.053] [bmv2] [T] [thread 2054] [2.0] [cxt 0] Skipping checksum 'cksum' update because condition not met
[10:12:48.053] [bmv2] [D] [thread 2054] [2.0] [cxt 0] Deparsing header 'ethernet'
[10:12:48.053] [bmv2] [D] [thread 2054] [2.0] [cxt 0] Deparser 'deparser': end
[10:12:48.053] [bmv2] [T] [thread 2053] [3.0] [cxt 0] basic.p4(114) Condition "hdr.ipv4.isValid()" (node_2) is false
[10:12:48.053] [bmv2] [D] [thread 2053] [3.0] [cxt 0] Pipeline 'ingress': end
[10:12:48.053] [bmv2] [D] [thread 2053] [3.0] [cxt 0] Egress port is 0
[10:12:48.053] [bmv2] [D] [thread 2053] [4.0] [cxt 0] Processing packet received on port 2
[10:12:48.053] [bmv2] [D] [thread 2053] [4.0] [cxt 0] Parser 'parser': start
[10:12:48.053] [bmv2] [D] [thread 2053] [4.0] [cxt 0] Parser 'parser' entering state 'start'
[10:12:48.053] [bmv2] [D] [thread 2053] [4.0] [cxt 0] Extracting header 'ethernet'
[10:12:48.053] [bmv2] [D] [thread 2054] [3.0] [cxt 0] Pipeline 'egress': start
[10:12:48.053] [bmv2] [D] [thread 2054] [3.0] [cxt 0] Pipeline 'egress': end
[10:12:48.053] [bmv2] [D] [thread 2053] [4.0] [cxt 0] Parser state 'start': key is 86dd
[10:12:48.053] [bmv2] [T] [thread 2053] [4.0] [cxt 0] Bytes parsed: 14
[10:12:48.053] [bmv2] [D] [thread 2053] [4.0] [cxt 0] Parser 'parser': end
[10:12:48.053] [bmv2] [D] [thread 2054] [3.0] [cxt 0] Deparser 'deparser': start
[10:12:48.053] [bmv2] [T] [thread 2054] [3.0] [cxt 0] Skipping checksum 'cksum' update because condition not met
[10:12:48.053] [bmv2] [D] [thread 2053] [4.0] [cxt 0] Pipeline 'ingress': start
[10:12:48.053] [bmv2] [T] [thread 2053] [4.0] [cxt 0] basic.p4(114) Condition "hdr.ipv4.isValid()" (node_2) is false
[10:12:48.053] [bmv2] [D] [thread 2053] [4.0] [cxt 0] Pipeline 'ingress': end
[10:12:48.053] [bmv2] [D] [thread 2053] [4.0] [cxt 0] Egress port is 0
[10:12:48.053] [bmv2] [D] [thread 2053] [5.0] [cxt 0] Processing packet received on port 1
[10:12:48.053] [bmv2] [D] [thread 2053] [5.0] [cxt 0] Parser 'parser': start
[10:12:48.053] [bmv2] [D] [thread 2053] [5.0] [cxt 0] Parser 'parser' entering state 'start'
[10:12:48.053] [bmv2] [D] [thread 2053] [5.0] [cxt 0] Extracting header 'ethernet'
[10:12:48.053] [bmv2] [D] [thread 2053] [5.0] [cxt 0] Parser state 'start': key is 86dd
[10:12:48.053] [bmv2] [T] [thread 2053] [5.0] [cxt 0] Bytes parsed: 14
[10:12:48.053] [bmv2] [D] [thread 2053] [5.0] [cxt 0] Parser 'parser': end
[10:12:48.053] [bmv2] [D] [thread 2053] [5.0] [cxt 0] Pipeline 'ingress': start
[10:12:48.053] [bmv2] [T] [thread 2053] [5.0] [cxt 0] basic.p4(114) Condition "hdr.ipv4.isValid()" (node_2) is false
[10:12:48.053] [bmv2] [D] [thread 2053] [5.0] [cxt 0] Pipeline 'ingress': end
[10:12:48.053] [bmv2] [D] [thread 2053] [5.0] [cxt 0] Egress port is 0
[10:12:48.053] [bmv2] [D] [thread 2058] [2.0] [cxt 0] Transmitting packet of size 90 out of port 0
[10:12:48.053] [bmv2] [D] [thread 2054] [3.0] [cxt 0] Deparsing header 'ethernet'
[10:12:48.053] [bmv2] [D] [thread 2054] [3.0] [cxt 0] Deparser 'deparser': end
[10:12:48.053] [bmv2] [D] [thread 2054] [4.0] [cxt 0] Pipeline 'egress': start
[10:12:48.053] [bmv2] [D] [thread 2054] [4.0] [cxt 0] Pipeline 'egress': end
[10:12:48.053] [bmv2] [D] [thread 2058] [3.0] [cxt 0] Transmitting packet of size 90 out of port 0
[10:12:48.053] [bmv2] [D] [thread 2054] [4.0] [cxt 0] Deparser 'deparser': start
[10:12:48.053] [bmv2] [T] [thread 2054] [4.0] [cxt 0] Skipping checksum 'cksum' update because condition not met
[10:12:48.053] [bmv2] [D] [thread 2054] [4.0] [cxt 0] Deparsing header 'ethernet'
[10:12:48.053] [bmv2] [D] [thread 2054] [4.0] [cxt 0] Deparser 'deparser': end
[10:12:48.053] [bmv2] [D] [thread 2054] [5.0] [cxt 0] Pipeline 'egress': start
[10:12:48.053] [bmv2] [D] [thread 2054] [5.0] [cxt 0] Pipeline 'egress': end
[10:12:48.053] [bmv2] [D] [thread 2054] [5.0] [cxt 0] Deparser 'deparser': start
[10:12:48.053] [bmv2] [T] [thread 2054] [5.0] [cxt 0] Skipping checksum 'cksum' update because condition not met
[10:12:48.054] [bmv2] [D] [thread 2054] [5.0] [cxt 0] Deparsing header 'ethernet'
[10:12:48.054] [bmv2] [D] [thread 2054] [5.0] [cxt 0] Deparser 'deparser': end
[10:12:48.053] [bmv2] [D] [thread 2058] [4.0] [cxt 0] Transmitting packet of size 70 out of port 0
[10:12:48.054] [bmv2] [D] [thread 2058] [5.0] [cxt 0] Transmitting packet of size 70 out of port 0
[10:12:48.148] [bmv2] [D] [thread 2053] [6.0] [cxt 0] Processing packet received on port 1
[10:12:48.148] [bmv2] [D] [thread 2053] [6.0] [cxt 0] Parser 'parser': start
[10:12:48.148] [bmv2] [D] [thread 2053] [6.0] [cxt 0] Parser 'parser' entering state 'start'
[10:12:48.148] [bmv2] [D] [thread 2053] [6.0] [cxt 0] Extracting header 'ethernet'
[10:12:48.148] [bmv2] [D] [thread 2053] [6.0] [cxt 0] Parser state 'start': key is 86dd
[10:12:48.148] [bmv2] [T] [thread 2053] [6.0] [cxt 0] Bytes parsed: 14
[10:12:48.148] [bmv2] [D] [thread 2053] [6.0] [cxt 0] Parser 'parser': end
[10:12:48.148] [bmv2] [D] [thread 2053] [6.0] [cxt 0] Pipeline 'ingress': start
[10:12:48.148] [bmv2] [T] [thread 2053] [6.0] [cxt 0] basic.p4(114) Condition "hdr.ipv4.isValid()" (node_2) is false
[10:12:48.148] [bmv2] [D] [thread 2053] [6.0] [cxt 0] Pipeline 'ingress': end
[10:12:48.148] [bmv2] [D] [thread 2053] [6.0] [cxt 0] Egress port is 0
[10:12:48.148] [bmv2] [D] [thread 2054] [6.0] [cxt 0] Pipeline 'egress': start
[10:12:48.148] [bmv2] [D] [thread 2054] [6.0] [cxt 0] Pipeline 'egress': end
[10:12:48.148] [bmv2] [D] [thread 2054] [6.0] [cxt 0] Deparser 'deparser': start
[10:12:48.148] [bmv2] [T] [thread 2054] [6.0] [cxt 0] Skipping checksum 'cksum' update because condition not met
[10:12:48.148] [bmv2] [D] [thread 2054] [6.0] [cxt 0] Deparsing header 'ethernet'
[10:12:48.148] [bmv2] [D] [thread 2054] [6.0] [cxt 0] Deparser 'deparser': end
[10:12:48.148] [bmv2] [D] [thread 2058] [6.0] [cxt 0] Transmitting packet of size 90 out of port 0
[10:12:48.703] [bmv2] [D] [thread 2053] [7.0] [cxt 0] Processing packet received on port 2
[10:12:48.703] [bmv2] [D] [thread 2053] [7.0] [cxt 0] Parser 'parser': start
[10:12:48.703] [bmv2] [D] [thread 2053] [7.0] [cxt 0] Parser 'parser' entering state 'start'
[10:12:48.703] [bmv2] [D] [thread 2053] [7.0] [cxt 0] Extracting header 'ethernet'
[10:12:48.703] [bmv2] [D] [thread 2053] [7.0] [cxt 0] Parser state 'start': key is 86dd
[10:12:48.703] [bmv2] [T] [thread 2053] [7.0] [cxt 0] Bytes parsed: 14
[10:12:48.703] [bmv2] [D] [thread 2053] [7.0] [cxt 0] Parser 'parser': end
[10:12:48.703] [bmv2] [D] [thread 2053] [7.0] [cxt 0] Pipeline 'ingress': start
[10:12:48.703] [bmv2] [T] [thread 2053] [7.0] [cxt 0] basic.p4(114) Condition "hdr.ipv4.isValid()" (node_2) is false
[10:12:48.703] [bmv2] [D] [thread 2053] [7.0] [cxt 0] Pipeline 'ingress': end
[10:12:48.703] [bmv2] [D] [thread 2053] [7.0] [cxt 0] Egress port is 0
[10:12:48.703] [bmv2] [D] [thread 2054] [7.0] [cxt 0] Pipeline 'egress': start
[10:12:48.703] [bmv2] [D] [thread 2054] [7.0] [cxt 0] Pipeline 'egress': end
[10:12:48.703] [bmv2] [D] [thread 2054] [7.0] [cxt 0] Deparser 'deparser': start
[10:12:48.703] [bmv2] [T] [thread 2054] [7.0] [cxt 0] Skipping checksum 'cksum' update because condition not met
[10:12:48.703] [bmv2] [D] [thread 2054] [7.0] [cxt 0] Deparsing header 'ethernet'
[10:12:48.703] [bmv2] [D] [thread 2054] [7.0] [cxt 0] Deparser 'deparser': end
[10:12:48.704] [bmv2] [D] [thread 2058] [7.0] [cxt 0] Transmitting packet of size 90 out of port 0
[10:12:48.728] [bmv2] [D] [thread 2053] [8.0] [cxt 0] Processing packet received on port 2
[10:12:48.728] [bmv2] [D] [thread 2053] [8.0] [cxt 0] Parser 'parser': start
[10:12:48.728] [bmv2] [D] [thread 2053] [8.0] [cxt 0] Parser 'parser' entering state 'start'
[10:12:48.728] [bmv2] [D] [thread 2053] [8.0] [cxt 0] Extracting header 'ethernet'
[10:12:48.728] [bmv2] [D] [thread 2053] [8.0] [cxt 0] Parser state 'start': key is 86dd
[10:12:48.728] [bmv2] [T] [thread 2053] [8.0] [cxt 0] Bytes parsed: 14
[10:12:48.728] [bmv2] [D] [thread 2053] [8.0] [cxt 0] Parser 'parser': end
[10:12:48.728] [bmv2] [D] [thread 2053] [8.0] [cxt 0] Pipeline 'ingress': start
[10:12:48.728] [bmv2] [T] [thread 2053] [8.0] [cxt 0] basic.p4(114) Condition "hdr.ipv4.isValid()" (node_2) is false
[10:12:48.728] [bmv2] [D] [thread 2053] [8.0] [cxt 0] Pipeline 'ingress': end
[10:12:48.728] [bmv2] [D] [thread 2053] [8.0] [cxt 0] Egress port is 0
[10:12:48.728] [bmv2] [D] [thread 2054] [8.0] [cxt 0] Pipeline 'egress': start
[10:12:48.728] [bmv2] [D] [thread 2054] [8.0] [cxt 0] Pipeline 'egress': end
[10:12:48.728] [bmv2] [D] [thread 2054] [8.0] [cxt 0] Deparser 'deparser': start
[10:12:48.728] [bmv2] [T] [thread 2054] [8.0] [cxt 0] Skipping checksum 'cksum' update because condition not met
[10:12:48.728] [bmv2] [D] [thread 2054] [8.0] [cxt 0] Deparsing header 'ethernet'
[10:12:48.728] [bmv2] [D] [thread 2054] [8.0] [cxt 0] Deparser 'deparser': end
[10:12:48.728] [bmv2] [D] [thread 2058] [8.0] [cxt 0] Transmitting packet of size 90 out of port 0
[10:12:48.795] [bmv2] [D] [thread 2053] [9.0] [cxt 0] Processing packet received on port 1
[10:12:48.795] [bmv2] [D] [thread 2053] [9.0] [cxt 0] Parser 'parser': start
[10:12:48.795] [bmv2] [D] [thread 2053] [9.0] [cxt 0] Parser 'parser' entering state 'start'
[10:12:48.795] [bmv2] [D] [thread 2053] [9.0] [cxt 0] Extracting header 'ethernet'
[10:12:48.795] [bmv2] [D] [thread 2053] [9.0] [cxt 0] Parser state 'start': key is 86dd
[10:12:48.795] [bmv2] [T] [thread 2053] [9.0] [cxt 0] Bytes parsed: 14
[10:12:48.795] [bmv2] [D] [thread 2053] [9.0] [cxt 0] Parser 'parser': end
[10:12:48.795] [bmv2] [D] [thread 2053] [9.0] [cxt 0] Pipeline 'ingress': start
[10:12:48.795] [bmv2] [T] [thread 2053] [9.0] [cxt 0] basic.p4(114) Condition "hdr.ipv4.isValid()" (node_2) is false
[10:12:48.795] [bmv2] [D] [thread 2053] [9.0] [cxt 0] Pipeline 'ingress': end
[10:12:48.795] [bmv2] [D] [thread 2053] [9.0] [cxt 0] Egress port is 0
[10:12:48.796] [bmv2] [D] [thread 2054] [9.0] [cxt 0] Pipeline 'egress': start
[10:12:48.796] [bmv2] [D] [thread 2054] [9.0] [cxt 0] Pipeline 'egress': end
[10:12:48.796] [bmv2] [D] [thread 2054] [9.0] [cxt 0] Deparser 'deparser': start
[10:12:48.796] [bmv2] [T] [thread 2054] [9.0] [cxt 0] Skipping checksum 'cksum' update because condition not met
[10:12:48.796] [bmv2] [D] [thread 2054] [9.0] [cxt 0] Deparsing header 'ethernet'
[10:12:48.796] [bmv2] [D] [thread 2054] [9.0] [cxt 0] Deparser 'deparser': end
[10:12:48.796] [bmv2] [D] [thread 2058] [9.0] [cxt 0] Transmitting packet of size 90 out of port 0
[10:12:49.607] [bmv2] [W] [thread 2108] [P4Runtime] p4::tmp::P4DeviceConfig is deprecated
[10:12:49.607] [bmv2] [D] [thread 2108] Set default default entry for table 'MyIngress.ipv4_lpm': MyIngress.drop - 
[10:12:49.608] [bmv2] [D] [thread 2108] simple_switch target has been notified of a config swap
[10:12:49.609] [bmv2] [D] [thread 2109] Set default entry for table 'MyIngress.ipv4_lpm': MyIngress.drop - 
[10:12:49.610] [bmv2] [D] [thread 2108] Entry 0 added to table 'MyIngress.ipv4_lpm'
[10:12:49.610] [bmv2] [D] [thread 2108] Dumping entry 0
Match key:
* hdr.ipv4.dstAddr    : LPM       0a000101/32
Action entry: MyIngress.ipv4_forward - 80000000100,1,

[10:12:49.610] [bmv2] [D] [thread 2109] Entry 1 added to table 'MyIngress.ipv4_lpm'
[10:12:49.610] [bmv2] [D] [thread 2109] Dumping entry 1
Match key:
* hdr.ipv4.dstAddr    : LPM       0a000202/32
Action entry: MyIngress.ipv4_forward - 80000000100,1,

[10:12:49.611] [bmv2] [D] [thread 2108] Entry 2 added to table 'MyIngress.ipv4_lpm'
[10:12:49.611] [bmv2] [D] [thread 2108] Dumping entry 2
Match key:
* hdr.ipv4.dstAddr    : LPM       0a000303/32
Action entry: MyIngress.ipv4_forward - 80000000200,2,

[10:12:49.611] [bmv2] [D] [thread 2109] Entry 3 added to table 'MyIngress.ipv4_lpm'
[10:12:49.611] [bmv2] [D] [thread 2109] Dumping entry 3
Match key:
* hdr.ipv4.dstAddr    : LPM       0a000404/32
Action entry: MyIngress.ipv4_forward - 80000000200,2,

[10:12:52.001] [bmv2] [D] [thread 2053] [10.0] [cxt 0] Processing packet received on port 2
[10:12:52.001] [bmv2] [D] [thread 2053] [10.0] [cxt 0] Parser 'parser': start
[10:12:52.001] [bmv2] [D] [thread 2053] [10.0] [cxt 0] Parser 'parser' entering state 'start'
[10:12:52.001] [bmv2] [D] [thread 2053] [10.0] [cxt 0] Extracting header 'ethernet'
[10:12:52.001] [bmv2] [D] [thread 2053] [10.0] [cxt 0] Parser state 'start': key is 86dd
[10:12:52.001] [bmv2] [T] [thread 2053] [10.0] [cxt 0] Bytes parsed: 14
[10:12:52.001] [bmv2] [D] [thread 2053] [10.0] [cxt 0] Parser 'parser': end
[10:12:52.001] [bmv2] [D] [thread 2053] [10.0] [cxt 0] Pipeline 'ingress': start
[10:12:52.001] [bmv2] [T] [thread 2053] [10.0] [cxt 0] basic.p4(114) Condition "hdr.ipv4.isValid()" (node_2) is false
[10:12:52.001] [bmv2] [D] [thread 2053] [10.0] [cxt 0] Pipeline 'ingress': end
[10:12:52.001] [bmv2] [D] [thread 2053] [10.0] [cxt 0] Egress port is 0
[10:12:52.001] [bmv2] [D] [thread 2053] [11.0] [cxt 0] Processing packet received on port 2
[10:12:52.001] [bmv2] [D] [thread 2053] [11.0] [cxt 0] Parser 'parser': start
[10:12:52.001] [bmv2] [D] [thread 2053] [11.0] [cxt 0] Parser 'parser' entering state 'start'
[10:12:52.001] [bmv2] [D] [thread 2053] [11.0] [cxt 0] Extracting header 'ethernet'
[10:12:52.001] [bmv2] [D] [thread 2053] [11.0] [cxt 0] Parser state 'start': key is 86dd
[10:12:52.001] [bmv2] [T] [thread 2053] [11.0] [cxt 0] Bytes parsed: 14
[10:12:52.001] [bmv2] [D] [thread 2053] [11.0] [cxt 0] Parser 'parser': end
[10:12:52.001] [bmv2] [D] [thread 2053] [11.0] [cxt 0] Pipeline 'ingress': start
[10:12:52.001] [bmv2] [T] [thread 2053] [11.0] [cxt 0] basic.p4(114) Condition "hdr.ipv4.isValid()" (node_2) is false
[10:12:52.001] [bmv2] [D] [thread 2053] [11.0] [cxt 0] Pipeline 'ingress': end
[10:12:52.001] [bmv2] [D] [thread 2053] [11.0] [cxt 0] Egress port is 0
[10:12:52.001] [bmv2] [D] [thread 2054] [10.0] [cxt 0] Pipeline 'egress': start
[10:12:52.001] [bmv2] [D] [thread 2054] [10.0] [cxt 0] Pipeline 'egress': end
[10:12:52.001] [bmv2] [D] [thread 2054] [10.0] [cxt 0] Deparser 'deparser': start
[10:12:52.001] [bmv2] [T] [thread 2054] [10.0] [cxt 0] Skipping checksum 'cksum' update because condition not met
[10:12:52.001] [bmv2] [D] [thread 2054] [10.0] [cxt 0] Deparsing header 'ethernet'
[10:12:52.001] [bmv2] [D] [thread 2054] [10.0] [cxt 0] Deparser 'deparser': end
[10:12:52.001] [bmv2] [D] [thread 2054] [11.0] [cxt 0] Pipeline 'egress': start
[10:12:52.001] [bmv2] [D] [thread 2054] [11.0] [cxt 0] Pipeline 'egress': end
[10:12:52.001] [bmv2] [D] [thread 2054] [11.0] [cxt 0] Deparser 'deparser': start
[10:12:52.001] [bmv2] [T] [thread 2054] [11.0] [cxt 0] Skipping checksum 'cksum' update because condition not met
[10:12:52.001] [bmv2] [D] [thread 2054] [11.0] [cxt 0] Deparsing header 'ethernet'
[10:12:52.001] [bmv2] [D] [thread 2058] [10.0] [cxt 0] Transmitting packet of size 70 out of port 0
[10:12:52.001] [bmv2] [D] [thread 2054] [11.0] [cxt 0] Deparser 'deparser': end
[10:12:52.001] [bmv2] [D] [thread 2058] [11.0] [cxt 0] Transmitting packet of size 70 out of port 0
[10:12:52.004] [bmv2] [D] [thread 2053] [12.0] [cxt 0] Processing packet received on port 1
[10:12:52.004] [bmv2] [D] [thread 2053] [12.0] [cxt 0] Parser 'parser': start
[10:12:52.004] [bmv2] [D] [thread 2053] [12.0] [cxt 0] Parser 'parser' entering state 'start'
[10:12:52.004] [bmv2] [D] [thread 2053] [12.0] [cxt 0] Extracting header 'ethernet'
[10:12:52.004] [bmv2] [D] [thread 2053] [12.0] [cxt 0] Parser state 'start': key is 86dd
[10:12:52.004] [bmv2] [T] [thread 2053] [12.0] [cxt 0] Bytes parsed: 14
[10:12:52.004] [bmv2] [D] [thread 2053] [12.0] [cxt 0] Parser 'parser': end
[10:12:52.004] [bmv2] [D] [thread 2053] [12.0] [cxt 0] Pipeline 'ingress': start
[10:12:52.004] [bmv2] [T] [thread 2053] [12.0] [cxt 0] basic.p4(114) Condition "hdr.ipv4.isValid()" (node_2) is false
[10:12:52.004] [bmv2] [D] [thread 2053] [12.0] [cxt 0] Pipeline 'ingress': end
[10:12:52.004] [bmv2] [D] [thread 2053] [12.0] [cxt 0] Egress port is 0
[10:12:52.004] [bmv2] [D] [thread 2054] [12.0] [cxt 0] Pipeline 'egress': start
[10:12:52.004] [bmv2] [D] [thread 2054] [12.0] [cxt 0] Pipeline 'egress': end
[10:12:52.004] [bmv2] [D] [thread 2054] [12.0] [cxt 0] Deparser 'deparser': start
[10:12:52.004] [bmv2] [T] [thread 2054] [12.0] [cxt 0] Skipping checksum 'cksum' update because condition not met
[10:12:52.004] [bmv2] [D] [thread 2054] [12.0] [cxt 0] Deparsing header 'ethernet'
[10:12:52.004] [bmv2] [D] [thread 2054] [12.0] [cxt 0] Deparser 'deparser': end
[10:12:52.004] [bmv2] [D] [thread 2058] [12.0] [cxt 0] Transmitting packet of size 70 out of port 0
[10:12:52.500] [bmv2] [D] [thread 2053] [13.0] [cxt 0] Processing packet received on port 1
[10:12:52.500] [bmv2] [D] [thread 2053] [13.0] [cxt 0] Parser 'parser': start
[10:12:52.500] [bmv2] [D] [thread 2053] [13.0] [cxt 0] Parser 'parser' entering state 'start'
[10:12:52.500] [bmv2] [D] [thread 2053] [13.0] [cxt 0] Extracting header 'ethernet'
[10:12:52.500] [bmv2] [D] [thread 2053] [13.0] [cxt 0] Parser state 'start': key is 86dd
[10:12:52.500] [bmv2] [T] [thread 2053] [13.0] [cxt 0] Bytes parsed: 14
[10:12:52.500] [bmv2] [D] [thread 2053] [13.0] [cxt 0] Parser 'parser': end
[10:12:52.500] [bmv2] [D] [thread 2053] [13.0] [cxt 0] Pipeline 'ingress': start
[10:12:52.500] [bmv2] [T] [thread 2053] [13.0] [cxt 0] basic.p4(114) Condition "hdr.ipv4.isValid()" (node_2) is false
[10:12:52.500] [bmv2] [D] [thread 2053] [13.0] [cxt 0] Pipeline 'ingress': end
[10:12:52.500] [bmv2] [D] [thread 2053] [13.0] [cxt 0] Egress port is 0
[10:12:52.500] [bmv2] [D] [thread 2054] [13.0] [cxt 0] Pipeline 'egress': start
[10:12:52.500] [bmv2] [D] [thread 2054] [13.0] [cxt 0] Pipeline 'egress': end
[10:12:52.500] [bmv2] [D] [thread 2054] [13.0] [cxt 0] Deparser 'deparser': start
[10:12:52.500] [bmv2] [T] [thread 2054] [13.0] [cxt 0] Skipping checksum 'cksum' update because condition not met
[10:12:52.500] [bmv2] [D] [thread 2054] [13.0] [cxt 0] Deparsing header 'ethernet'
[10:12:52.500] [bmv2] [D] [thread 2054] [13.0] [cxt 0] Deparser 'deparser': end
[10:12:52.500] [bmv2] [D] [thread 2058] [13.0] [cxt 0] Transmitting packet of size 70 out of port 0
[10:12:59.668] [bmv2] [D] [thread 2053] [14.0] [cxt 0] Processing packet received on port 2
[10:12:59.668] [bmv2] [D] [thread 2053] [14.0] [cxt 0] Parser 'parser': start
[10:12:59.668] [bmv2] [D] [thread 2053] [14.0] [cxt 0] Parser 'parser' entering state 'start'
[10:12:59.668] [bmv2] [D] [thread 2053] [14.0] [cxt 0] Extracting header 'ethernet'
[10:12:59.668] [bmv2] [D] [thread 2053] [14.0] [cxt 0] Parser state 'start': key is 86dd
[10:12:59.668] [bmv2] [T] [thread 2053] [14.0] [cxt 0] Bytes parsed: 14
[10:12:59.668] [bmv2] [D] [thread 2053] [14.0] [cxt 0] Parser 'parser': end
[10:12:59.668] [bmv2] [D] [thread 2053] [14.0] [cxt 0] Pipeline 'ingress': start
[10:12:59.668] [bmv2] [T] [thread 2053] [14.0] [cxt 0] basic.p4(114) Condition "hdr.ipv4.isValid()" (node_2) is false
[10:12:59.668] [bmv2] [D] [thread 2053] [14.0] [cxt 0] Pipeline 'ingress': end
[10:12:59.668] [bmv2] [D] [thread 2053] [14.0] [cxt 0] Egress port is 0
[10:12:59.668] [bmv2] [D] [thread 2054] [14.0] [cxt 0] Pipeline 'egress': start
[10:12:59.668] [bmv2] [D] [thread 2054] [14.0] [cxt 0] Pipeline 'egress': end
[10:12:59.668] [bmv2] [D] [thread 2054] [14.0] [cxt 0] Deparser 'deparser': start
[10:12:59.668] [bmv2] [T] [thread 2054] [14.0] [cxt 0] Skipping checksum 'cksum' update because condition not met
[10:12:59.668] [bmv2] [D] [thread 2054] [14.0] [cxt 0] Deparsing header 'ethernet'
[10:12:59.668] [bmv2] [D] [thread 2054] [14.0] [cxt 0] Deparser 'deparser': end
[10:12:59.668] [bmv2] [D] [thread 2058] [14.0] [cxt 0] Transmitting packet of size 70 out of port 0
[10:12:59.925] [bmv2] [D] [thread 2053] [15.0] [cxt 0] Processing packet received on port 2
[10:12:59.926] [bmv2] [D] [thread 2053] [15.0] [cxt 0] Parser 'parser': start
[10:12:59.926] [bmv2] [D] [thread 2053] [15.0] [cxt 0] Parser 'parser' entering state 'start'
[10:12:59.926] [bmv2] [D] [thread 2053] [15.0] [cxt 0] Extracting header 'ethernet'
[10:12:59.926] [bmv2] [D] [thread 2053] [15.0] [cxt 0] Parser state 'start': key is 86dd
[10:12:59.926] [bmv2] [T] [thread 2053] [15.0] [cxt 0] Bytes parsed: 14
[10:12:59.926] [bmv2] [D] [thread 2053] [15.0] [cxt 0] Parser 'parser': end
[10:12:59.926] [bmv2] [D] [thread 2053] [15.0] [cxt 0] Pipeline 'ingress': start
[10:12:59.926] [bmv2] [T] [thread 2053] [15.0] [cxt 0] basic.p4(114) Condition "hdr.ipv4.isValid()" (node_2) is false
[10:12:59.926] [bmv2] [D] [thread 2053] [15.0] [cxt 0] Pipeline 'ingress': end
[10:12:59.926] [bmv2] [D] [thread 2053] [15.0] [cxt 0] Egress port is 0
[10:12:59.926] [bmv2] [D] [thread 2054] [15.0] [cxt 0] Pipeline 'egress': start
[10:12:59.926] [bmv2] [D] [thread 2054] [15.0] [cxt 0] Pipeline 'egress': end
[10:12:59.926] [bmv2] [D] [thread 2054] [15.0] [cxt 0] Deparser 'deparser': start
[10:12:59.926] [bmv2] [T] [thread 2054] [15.0] [cxt 0] Skipping checksum 'cksum' update because condition not met
[10:12:59.926] [bmv2] [D] [thread 2054] [15.0] [cxt 0] Deparsing header 'ethernet'
[10:12:59.926] [bmv2] [D] [thread 2054] [15.0] [cxt 0] Deparser 'deparser': end
[10:12:59.926] [bmv2] [D] [thread 2058] [15.0] [cxt 0] Transmitting packet of size 70 out of port 0
[10:13:00.458] [bmv2] [D] [thread 2053] [16.0] [cxt 0] Processing packet received on port 1
[10:13:00.458] [bmv2] [D] [thread 2053] [16.0] [cxt 0] Parser 'parser': start
[10:13:00.458] [bmv2] [D] [thread 2053] [16.0] [cxt 0] Parser 'parser' entering state 'start'
[10:13:00.458] [bmv2] [D] [thread 2053] [16.0] [cxt 0] Extracting header 'ethernet'
[10:13:00.458] [bmv2] [D] [thread 2053] [16.0] [cxt 0] Parser state 'start': key is 86dd
[10:13:00.458] [bmv2] [T] [thread 2053] [16.0] [cxt 0] Bytes parsed: 14
[10:13:00.458] [bmv2] [D] [thread 2053] [16.0] [cxt 0] Parser 'parser': end
[10:13:00.458] [bmv2] [D] [thread 2053] [16.0] [cxt 0] Pipeline 'ingress': start
[10:13:00.458] [bmv2] [T] [thread 2053] [16.0] [cxt 0] basic.p4(114) Condition "hdr.ipv4.isValid()" (node_2) is false
[10:13:00.458] [bmv2] [D] [thread 2053] [16.0] [cxt 0] Pipeline 'ingress': end
[10:13:00.458] [bmv2] [D] [thread 2053] [16.0] [cxt 0] Egress port is 0
[10:13:00.458] [bmv2] [D] [thread 2054] [16.0] [cxt 0] Pipeline 'egress': start
[10:13:00.458] [bmv2] [D] [thread 2054] [16.0] [cxt 0] Pipeline 'egress': end
[10:13:00.458] [bmv2] [D] [thread 2054] [16.0] [cxt 0] Deparser 'deparser': start
[10:13:00.458] [bmv2] [T] [thread 2054] [16.0] [cxt 0] Skipping checksum 'cksum' update because condition not met
[10:13:00.458] [bmv2] [D] [thread 2054] [16.0] [cxt 0] Deparsing header 'ethernet'
[10:13:00.458] [bmv2] [D] [thread 2054] [16.0] [cxt 0] Deparser 'deparser': end
[10:13:00.458] [bmv2] [D] [thread 2058] [16.0] [cxt 0] Transmitting packet of size 70 out of port 0
[10:13:00.955] [bmv2] [D] [thread 2053] [17.0] [cxt 0] Processing packet received on port 1
[10:13:00.955] [bmv2] [D] [thread 2053] [17.0] [cxt 0] Parser 'parser': start
[10:13:00.955] [bmv2] [D] [thread 2053] [17.0] [cxt 0] Parser 'parser' entering state 'start'
[10:13:00.955] [bmv2] [D] [thread 2053] [17.0] [cxt 0] Extracting header 'ethernet'
[10:13:00.955] [bmv2] [D] [thread 2053] [17.0] [cxt 0] Parser state 'start': key is 86dd
[10:13:00.955] [bmv2] [T] [thread 2053] [17.0] [cxt 0] Bytes parsed: 14
[10:13:00.955] [bmv2] [D] [thread 2053] [17.0] [cxt 0] Parser 'parser': end
[10:13:00.955] [bmv2] [D] [thread 2053] [17.0] [cxt 0] Pipeline 'ingress': start
[10:13:00.955] [bmv2] [T] [thread 2053] [17.0] [cxt 0] basic.p4(114) Condition "hdr.ipv4.isValid()" (node_2) is false
[10:13:00.955] [bmv2] [D] [thread 2053] [17.0] [cxt 0] Pipeline 'ingress': end
[10:13:00.955] [bmv2] [D] [thread 2053] [17.0] [cxt 0] Egress port is 0
[10:13:00.955] [bmv2] [D] [thread 2054] [17.0] [cxt 0] Pipeline 'egress': start
[10:13:00.955] [bmv2] [D] [thread 2054] [17.0] [cxt 0] Pipeline 'egress': end
[10:13:00.955] [bmv2] [D] [thread 2054] [17.0] [cxt 0] Deparser 'deparser': start
[10:13:00.955] [bmv2] [T] [thread 2054] [17.0] [cxt 0] Skipping checksum 'cksum' update because condition not met
[10:13:00.955] [bmv2] [D] [thread 2054] [17.0] [cxt 0] Deparsing header 'ethernet'
[10:13:00.955] [bmv2] [D] [thread 2054] [17.0] [cxt 0] Deparser 'deparser': end
[10:13:00.955] [bmv2] [D] [thread 2058] [17.0] [cxt 0] Transmitting packet of size 70 out of port 0
[10:13:14.260] [bmv2] [D] [thread 2053] [18.0] [cxt 0] Processing packet received on port 2
[10:13:14.260] [bmv2] [D] [thread 2053] [18.0] [cxt 0] Parser 'parser': start
[10:13:14.260] [bmv2] [D] [thread 2053] [18.0] [cxt 0] Parser 'parser' entering state 'start'
[10:13:14.260] [bmv2] [D] [thread 2053] [18.0] [cxt 0] Extracting header 'ethernet'
[10:13:14.260] [bmv2] [D] [thread 2053] [18.0] [cxt 0] Parser state 'start': key is 86dd
[10:13:14.260] [bmv2] [T] [thread 2053] [18.0] [cxt 0] Bytes parsed: 14
[10:13:14.260] [bmv2] [D] [thread 2053] [18.0] [cxt 0] Parser 'parser': end
[10:13:14.260] [bmv2] [D] [thread 2053] [18.0] [cxt 0] Pipeline 'ingress': start
[10:13:14.260] [bmv2] [T] [thread 2053] [18.0] [cxt 0] basic.p4(114) Condition "hdr.ipv4.isValid()" (node_2) is false
[10:13:14.260] [bmv2] [D] [thread 2053] [18.0] [cxt 0] Pipeline 'ingress': end
[10:13:14.260] [bmv2] [D] [thread 2053] [18.0] [cxt 0] Egress port is 0
[10:13:14.260] [bmv2] [D] [thread 2054] [18.0] [cxt 0] Pipeline 'egress': start
[10:13:14.260] [bmv2] [D] [thread 2054] [18.0] [cxt 0] Pipeline 'egress': end
[10:13:14.260] [bmv2] [D] [thread 2054] [18.0] [cxt 0] Deparser 'deparser': start
[10:13:14.260] [bmv2] [T] [thread 2054] [18.0] [cxt 0] Skipping checksum 'cksum' update because condition not met
[10:13:14.260] [bmv2] [D] [thread 2054] [18.0] [cxt 0] Deparsing header 'ethernet'
[10:13:14.260] [bmv2] [D] [thread 2054] [18.0] [cxt 0] Deparser 'deparser': end
[10:13:14.260] [bmv2] [D] [thread 2058] [18.0] [cxt 0] Transmitting packet of size 70 out of port 0
[10:13:15.540] [bmv2] [D] [thread 2053] [19.0] [cxt 0] Processing packet received on port 2
[10:13:15.540] [bmv2] [D] [thread 2053] [19.0] [cxt 0] Parser 'parser': start
[10:13:15.540] [bmv2] [D] [thread 2053] [19.0] [cxt 0] Parser 'parser' entering state 'start'
[10:13:15.540] [bmv2] [D] [thread 2053] [19.0] [cxt 0] Extracting header 'ethernet'
[10:13:15.540] [bmv2] [D] [thread 2053] [19.0] [cxt 0] Parser state 'start': key is 86dd
[10:13:15.540] [bmv2] [T] [thread 2053] [19.0] [cxt 0] Bytes parsed: 14
[10:13:15.540] [bmv2] [D] [thread 2053] [19.0] [cxt 0] Parser 'parser': end
[10:13:15.540] [bmv2] [D] [thread 2053] [19.0] [cxt 0] Pipeline 'ingress': start
[10:13:15.540] [bmv2] [T] [thread 2053] [19.0] [cxt 0] basic.p4(114) Condition "hdr.ipv4.isValid()" (node_2) is false
[10:13:15.540] [bmv2] [D] [thread 2053] [19.0] [cxt 0] Pipeline 'ingress': end
[10:13:15.540] [bmv2] [D] [thread 2053] [19.0] [cxt 0] Egress port is 0
[10:13:15.540] [bmv2] [D] [thread 2054] [19.0] [cxt 0] Pipeline 'egress': start
[10:13:15.540] [bmv2] [D] [thread 2054] [19.0] [cxt 0] Pipeline 'egress': end
[10:13:15.540] [bmv2] [D] [thread 2054] [19.0] [cxt 0] Deparser 'deparser': start
[10:13:15.540] [bmv2] [T] [thread 2054] [19.0] [cxt 0] Skipping checksum 'cksum' update because condition not met
[10:13:15.540] [bmv2] [D] [thread 2054] [19.0] [cxt 0] Deparsing header 'ethernet'
[10:13:15.540] [bmv2] [D] [thread 2054] [19.0] [cxt 0] Deparser 'deparser': end
[10:13:15.540] [bmv2] [D] [thread 2058] [19.0] [cxt 0] Transmitting packet of size 70 out of port 0
[10:13:18.137] [bmv2] [D] [thread 2053] [20.0] [cxt 0] Processing packet received on port 1
[10:13:18.137] [bmv2] [D] [thread 2053] [20.0] [cxt 0] Parser 'parser': start
[10:13:18.137] [bmv2] [D] [thread 2053] [20.0] [cxt 0] Parser 'parser' entering state 'start'
[10:13:18.137] [bmv2] [D] [thread 2053] [20.0] [cxt 0] Extracting header 'ethernet'
[10:13:18.137] [bmv2] [D] [thread 2053] [20.0] [cxt 0] Parser state 'start': key is 86dd
[10:13:18.137] [bmv2] [T] [thread 2053] [20.0] [cxt 0] Bytes parsed: 14
[10:13:18.137] [bmv2] [D] [thread 2053] [20.0] [cxt 0] Parser 'parser': end
[10:13:18.137] [bmv2] [D] [thread 2053] [20.0] [cxt 0] Pipeline 'ingress': start
[10:13:18.137] [bmv2] [T] [thread 2053] [20.0] [cxt 0] basic.p4(114) Condition "hdr.ipv4.isValid()" (node_2) is false
[10:13:18.137] [bmv2] [D] [thread 2053] [20.0] [cxt 0] Pipeline 'ingress': end
[10:13:18.137] [bmv2] [D] [thread 2053] [20.0] [cxt 0] Egress port is 0
[10:13:18.137] [bmv2] [D] [thread 2053] [21.0] [cxt 0] Processing packet received on port 1
[10:13:18.137] [bmv2] [D] [thread 2053] [21.0] [cxt 0] Parser 'parser': start
[10:13:18.137] [bmv2] [D] [thread 2053] [21.0] [cxt 0] Parser 'parser' entering state 'start'
[10:13:18.137] [bmv2] [D] [thread 2053] [21.0] [cxt 0] Extracting header 'ethernet'
[10:13:18.137] [bmv2] [D] [thread 2053] [21.0] [cxt 0] Parser state 'start': key is 86dd
[10:13:18.137] [bmv2] [T] [thread 2053] [21.0] [cxt 0] Bytes parsed: 14
[10:13:18.137] [bmv2] [D] [thread 2053] [21.0] [cxt 0] Parser 'parser': end
[10:13:18.137] [bmv2] [D] [thread 2053] [21.0] [cxt 0] Pipeline 'ingress': start
[10:13:18.137] [bmv2] [T] [thread 2053] [21.0] [cxt 0] basic.p4(114) Condition "hdr.ipv4.isValid()" (node_2) is false
[10:13:18.137] [bmv2] [D] [thread 2053] [21.0] [cxt 0] Pipeline 'ingress': end
[10:13:18.137] [bmv2] [D] [thread 2053] [21.0] [cxt 0] Egress port is 0
[10:13:18.137] [bmv2] [D] [thread 2054] [20.0] [cxt 0] Pipeline 'egress': start
[10:13:18.137] [bmv2] [D] [thread 2054] [20.0] [cxt 0] Pipeline 'egress': end
[10:13:18.138] [bmv2] [D] [thread 2054] [20.0] [cxt 0] Deparser 'deparser': start
[10:13:18.138] [bmv2] [T] [thread 2054] [20.0] [cxt 0] Skipping checksum 'cksum' update because condition not met
[10:13:18.138] [bmv2] [D] [thread 2054] [20.0] [cxt 0] Deparsing header 'ethernet'
[10:13:18.138] [bmv2] [D] [thread 2054] [20.0] [cxt 0] Deparser 'deparser': end
[10:13:18.138] [bmv2] [D] [thread 2054] [21.0] [cxt 0] Pipeline 'egress': start
[10:13:18.138] [bmv2] [D] [thread 2054] [21.0] [cxt 0] Pipeline 'egress': end
[10:13:18.138] [bmv2] [D] [thread 2054] [21.0] [cxt 0] Deparser 'deparser': start
[10:13:18.138] [bmv2] [T] [thread 2054] [21.0] [cxt 0] Skipping checksum 'cksum' update because condition not met
[10:13:18.138] [bmv2] [D] [thread 2054] [21.0] [cxt 0] Deparsing header 'ethernet'
[10:13:18.138] [bmv2] [D] [thread 2054] [21.0] [cxt 0] Deparser 'deparser': end
[10:13:18.138] [bmv2] [D] [thread 2058] [20.0] [cxt 0] Transmitting packet of size 70 out of port 0
[10:13:18.138] [bmv2] [D] [thread 2058] [21.0] [cxt 0] Transmitting packet of size 70 out of port 0
[10:13:44.735] [bmv2] [D] [thread 2053] [22.0] [cxt 0] Processing packet received on port 2
[10:13:44.735] [bmv2] [D] [thread 2053] [22.0] [cxt 0] Parser 'parser': start
[10:13:44.735] [bmv2] [D] [thread 2053] [22.0] [cxt 0] Parser 'parser' entering state 'start'
[10:13:44.735] [bmv2] [D] [thread 2053] [22.0] [cxt 0] Extracting header 'ethernet'
[10:13:44.735] [bmv2] [D] [thread 2053] [22.0] [cxt 0] Parser state 'start': key is 86dd
[10:13:44.735] [bmv2] [T] [thread 2053] [22.0] [cxt 0] Bytes parsed: 14
[10:13:44.735] [bmv2] [D] [thread 2053] [22.0] [cxt 0] Parser 'parser': end
[10:13:44.735] [bmv2] [D] [thread 2053] [22.0] [cxt 0] Pipeline 'ingress': start
[10:13:44.735] [bmv2] [T] [thread 2053] [22.0] [cxt 0] basic.p4(114) Condition "hdr.ipv4.isValid()" (node_2) is false
[10:13:44.735] [bmv2] [D] [thread 2053] [22.0] [cxt 0] Pipeline 'ingress': end
[10:13:44.735] [bmv2] [D] [thread 2053] [22.0] [cxt 0] Egress port is 0
[10:13:44.735] [bmv2] [D] [thread 2054] [22.0] [cxt 0] Pipeline 'egress': start
[10:13:44.735] [bmv2] [D] [thread 2054] [22.0] [cxt 0] Pipeline 'egress': end
[10:13:44.735] [bmv2] [D] [thread 2054] [22.0] [cxt 0] Deparser 'deparser': start
[10:13:44.735] [bmv2] [T] [thread 2054] [22.0] [cxt 0] Skipping checksum 'cksum' update because condition not met
[10:13:44.735] [bmv2] [D] [thread 2054] [22.0] [cxt 0] Deparsing header 'ethernet'
[10:13:44.735] [bmv2] [D] [thread 2054] [22.0] [cxt 0] Deparser 'deparser': end
[10:13:44.736] [bmv2] [D] [thread 2058] [22.0] [cxt 0] Transmitting packet of size 70 out of port 0
[10:13:46.781] [bmv2] [D] [thread 2053] [23.0] [cxt 0] Processing packet received on port 2
[10:13:46.781] [bmv2] [D] [thread 2053] [23.0] [cxt 0] Parser 'parser': start
[10:13:46.781] [bmv2] [D] [thread 2053] [23.0] [cxt 0] Parser 'parser' entering state 'start'
[10:13:46.781] [bmv2] [D] [thread 2053] [23.0] [cxt 0] Extracting header 'ethernet'
[10:13:46.781] [bmv2] [D] [thread 2053] [23.0] [cxt 0] Parser state 'start': key is 86dd
[10:13:46.781] [bmv2] [T] [thread 2053] [23.0] [cxt 0] Bytes parsed: 14
[10:13:46.781] [bmv2] [D] [thread 2053] [23.0] [cxt 0] Parser 'parser': end
[10:13:46.781] [bmv2] [D] [thread 2053] [23.0] [cxt 0] Pipeline 'ingress': start
[10:13:46.781] [bmv2] [T] [thread 2053] [23.0] [cxt 0] basic.p4(114) Condition "hdr.ipv4.isValid()" (node_2) is false
[10:13:46.781] [bmv2] [D] [thread 2053] [23.0] [cxt 0] Pipeline 'ingress': end
[10:13:46.781] [bmv2] [D] [thread 2053] [23.0] [cxt 0] Egress port is 0
[10:13:46.781] [bmv2] [D] [thread 2054] [23.0] [cxt 0] Pipeline 'egress': start
[10:13:46.781] [bmv2] [D] [thread 2054] [23.0] [cxt 0] Pipeline 'egress': end
[10:13:46.781] [bmv2] [D] [thread 2054] [23.0] [cxt 0] Deparser 'deparser': start
[10:13:46.781] [bmv2] [T] [thread 2054] [23.0] [cxt 0] Skipping checksum 'cksum' update because condition not met
[10:13:46.781] [bmv2] [D] [thread 2054] [23.0] [cxt 0] Deparsing header 'ethernet'
[10:13:46.781] [bmv2] [D] [thread 2054] [23.0] [cxt 0] Deparser 'deparser': end
[10:13:46.781] [bmv2] [D] [thread 2058] [23.0] [cxt 0] Transmitting packet of size 70 out of port 0
[10:13:52.916] [bmv2] [D] [thread 2053] [24.0] [cxt 0] Processing packet received on port 1
[10:13:52.916] [bmv2] [D] [thread 2053] [24.0] [cxt 0] Parser 'parser': start
[10:13:52.916] [bmv2] [D] [thread 2053] [24.0] [cxt 0] Parser 'parser' entering state 'start'
[10:13:52.916] [bmv2] [D] [thread 2053] [24.0] [cxt 0] Extracting header 'ethernet'
[10:13:52.916] [bmv2] [D] [thread 2053] [24.0] [cxt 0] Parser state 'start': key is 86dd
[10:13:52.916] [bmv2] [T] [thread 2053] [24.0] [cxt 0] Bytes parsed: 14
[10:13:52.916] [bmv2] [D] [thread 2053] [24.0] [cxt 0] Parser 'parser': end
[10:13:52.916] [bmv2] [D] [thread 2053] [24.0] [cxt 0] Pipeline 'ingress': start
[10:13:52.916] [bmv2] [T] [thread 2053] [24.0] [cxt 0] basic.p4(114) Condition "hdr.ipv4.isValid()" (node_2) is false
[10:13:52.916] [bmv2] [D] [thread 2053] [24.0] [cxt 0] Pipeline 'ingress': end
[10:13:52.916] [bmv2] [D] [thread 2053] [24.0] [cxt 0] Egress port is 0
[10:13:52.916] [bmv2] [D] [thread 2053] [25.0] [cxt 0] Processing packet received on port 1
[10:13:52.916] [bmv2] [D] [thread 2053] [25.0] [cxt 0] Parser 'parser': start
[10:13:52.916] [bmv2] [D] [thread 2053] [25.0] [cxt 0] Parser 'parser' entering state 'start'
[10:13:52.916] [bmv2] [D] [thread 2053] [25.0] [cxt 0] Extracting header 'ethernet'
[10:13:52.916] [bmv2] [D] [thread 2053] [25.0] [cxt 0] Parser state 'start': key is 86dd
[10:13:52.916] [bmv2] [T] [thread 2053] [25.0] [cxt 0] Bytes parsed: 14
[10:13:52.916] [bmv2] [D] [thread 2053] [25.0] [cxt 0] Parser 'parser': end
[10:13:52.916] [bmv2] [D] [thread 2053] [25.0] [cxt 0] Pipeline 'ingress': start
[10:13:52.916] [bmv2] [T] [thread 2053] [25.0] [cxt 0] basic.p4(114) Condition "hdr.ipv4.isValid()" (node_2) is false
[10:13:52.916] [bmv2] [D] [thread 2053] [25.0] [cxt 0] Pipeline 'ingress': end
[10:13:52.916] [bmv2] [D] [thread 2053] [25.0] [cxt 0] Egress port is 0
[10:13:52.916] [bmv2] [D] [thread 2054] [24.0] [cxt 0] Pipeline 'egress': start
[10:13:52.916] [bmv2] [D] [thread 2054] [24.0] [cxt 0] Pipeline 'egress': end
[10:13:52.916] [bmv2] [D] [thread 2054] [24.0] [cxt 0] Deparser 'deparser': start
[10:13:52.916] [bmv2] [T] [thread 2054] [24.0] [cxt 0] Skipping checksum 'cksum' update because condition not met
[10:13:52.916] [bmv2] [D] [thread 2054] [24.0] [cxt 0] Deparsing header 'ethernet'
[10:13:52.916] [bmv2] [D] [thread 2054] [24.0] [cxt 0] Deparser 'deparser': end
[10:13:52.916] [bmv2] [D] [thread 2054] [25.0] [cxt 0] Pipeline 'egress': start
[10:13:52.916] [bmv2] [D] [thread 2054] [25.0] [cxt 0] Pipeline 'egress': end
[10:13:52.916] [bmv2] [D] [thread 2054] [25.0] [cxt 0] Deparser 'deparser': start
[10:13:52.916] [bmv2] [T] [thread 2054] [25.0] [cxt 0] Skipping checksum 'cksum' update because condition not met
[10:13:52.916] [bmv2] [D] [thread 2054] [25.0] [cxt 0] Deparsing header 'ethernet'
[10:13:52.916] [bmv2] [D] [thread 2054] [25.0] [cxt 0] Deparser 'deparser': end
[10:13:52.916] [bmv2] [D] [thread 2058] [24.0] [cxt 0] Transmitting packet of size 70 out of port 0
[10:13:52.916] [bmv2] [D] [thread 2058] [25.0] [cxt 0] Transmitting packet of size 70 out of port 0
[10:14:48.222] [bmv2] [D] [thread 2053] [26.0] [cxt 0] Processing packet received on port 2
[10:14:48.222] [bmv2] [D] [thread 2053] [26.0] [cxt 0] Parser 'parser': start
[10:14:48.222] [bmv2] [D] [thread 2053] [26.0] [cxt 0] Parser 'parser' entering state 'start'
[10:14:48.222] [bmv2] [D] [thread 2053] [26.0] [cxt 0] Extracting header 'ethernet'
[10:14:48.222] [bmv2] [D] [thread 2053] [26.0] [cxt 0] Parser state 'start': key is 86dd
[10:14:48.222] [bmv2] [T] [thread 2053] [26.0] [cxt 0] Bytes parsed: 14
[10:14:48.222] [bmv2] [D] [thread 2053] [26.0] [cxt 0] Parser 'parser': end
[10:14:48.222] [bmv2] [D] [thread 2053] [26.0] [cxt 0] Pipeline 'ingress': start
[10:14:48.222] [bmv2] [T] [thread 2053] [26.0] [cxt 0] basic.p4(114) Condition "hdr.ipv4.isValid()" (node_2) is false
[10:14:48.222] [bmv2] [D] [thread 2053] [26.0] [cxt 0] Pipeline 'ingress': end
[10:14:48.222] [bmv2] [D] [thread 2053] [26.0] [cxt 0] Egress port is 0
[10:14:48.222] [bmv2] [D] [thread 2054] [26.0] [cxt 0] Pipeline 'egress': start
[10:14:48.222] [bmv2] [D] [thread 2054] [26.0] [cxt 0] Pipeline 'egress': end
[10:14:48.222] [bmv2] [D] [thread 2054] [26.0] [cxt 0] Deparser 'deparser': start
[10:14:48.222] [bmv2] [T] [thread 2054] [26.0] [cxt 0] Skipping checksum 'cksum' update because condition not met
[10:14:48.222] [bmv2] [D] [thread 2054] [26.0] [cxt 0] Deparsing header 'ethernet'
[10:14:48.222] [bmv2] [D] [thread 2054] [26.0] [cxt 0] Deparser 'deparser': end
[10:14:48.222] [bmv2] [D] [thread 2058] [26.0] [cxt 0] Transmitting packet of size 70 out of port 0
[10:14:50.264] [bmv2] [D] [thread 2053] [27.0] [cxt 0] Processing packet received on port 2
[10:14:50.264] [bmv2] [D] [thread 2053] [27.0] [cxt 0] Parser 'parser': start
[10:14:50.264] [bmv2] [D] [thread 2053] [27.0] [cxt 0] Parser 'parser' entering state 'start'
[10:14:50.264] [bmv2] [D] [thread 2053] [27.0] [cxt 0] Extracting header 'ethernet'
[10:14:50.264] [bmv2] [D] [thread 2053] [27.0] [cxt 0] Parser state 'start': key is 86dd
[10:14:50.264] [bmv2] [T] [thread 2053] [27.0] [cxt 0] Bytes parsed: 14
[10:14:50.264] [bmv2] [D] [thread 2053] [27.0] [cxt 0] Parser 'parser': end
[10:14:50.264] [bmv2] [D] [thread 2053] [27.0] [cxt 0] Pipeline 'ingress': start
[10:14:50.264] [bmv2] [T] [thread 2053] [27.0] [cxt 0] basic.p4(114) Condition "hdr.ipv4.isValid()" (node_2) is false
[10:14:50.264] [bmv2] [D] [thread 2053] [27.0] [cxt 0] Pipeline 'ingress': end
[10:14:50.264] [bmv2] [D] [thread 2053] [27.0] [cxt 0] Egress port is 0
[10:14:50.264] [bmv2] [D] [thread 2054] [27.0] [cxt 0] Pipeline 'egress': start
[10:14:50.264] [bmv2] [D] [thread 2054] [27.0] [cxt 0] Pipeline 'egress': end
[10:14:50.264] [bmv2] [D] [thread 2054] [27.0] [cxt 0] Deparser 'deparser': start
[10:14:50.264] [bmv2] [T] [thread 2054] [27.0] [cxt 0] Skipping checksum 'cksum' update because condition not met
[10:14:50.264] [bmv2] [D] [thread 2054] [27.0] [cxt 0] Deparsing header 'ethernet'
[10:14:50.264] [bmv2] [D] [thread 2054] [27.0] [cxt 0] Deparser 'deparser': end
[10:14:50.264] [bmv2] [D] [thread 2058] [27.0] [cxt 0] Transmitting packet of size 70 out of port 0
[10:15:00.515] [bmv2] [D] [thread 2053] [28.0] [cxt 0] Processing packet received on port 1
[10:15:00.515] [bmv2] [D] [thread 2053] [28.0] [cxt 0] Parser 'parser': start
[10:15:00.515] [bmv2] [D] [thread 2053] [28.0] [cxt 0] Parser 'parser' entering state 'start'
[10:15:00.515] [bmv2] [D] [thread 2053] [28.0] [cxt 0] Extracting header 'ethernet'
[10:15:00.515] [bmv2] [D] [thread 2053] [28.0] [cxt 0] Parser state 'start': key is 86dd
[10:15:00.515] [bmv2] [T] [thread 2053] [28.0] [cxt 0] Bytes parsed: 14
[10:15:00.515] [bmv2] [D] [thread 2053] [28.0] [cxt 0] Parser 'parser': end
[10:15:00.515] [bmv2] [D] [thread 2053] [28.0] [cxt 0] Pipeline 'ingress': start
[10:15:00.515] [bmv2] [T] [thread 2053] [28.0] [cxt 0] basic.p4(114) Condition "hdr.ipv4.isValid()" (node_2) is false
[10:15:00.515] [bmv2] [D] [thread 2053] [28.0] [cxt 0] Pipeline 'ingress': end
[10:15:00.515] [bmv2] [D] [thread 2053] [28.0] [cxt 0] Egress port is 0
[10:15:00.515] [bmv2] [D] [thread 2053] [29.0] [cxt 0] Processing packet received on port 1
[10:15:00.515] [bmv2] [D] [thread 2053] [29.0] [cxt 0] Parser 'parser': start
[10:15:00.515] [bmv2] [D] [thread 2053] [29.0] [cxt 0] Parser 'parser' entering state 'start'
[10:15:00.515] [bmv2] [D] [thread 2053] [29.0] [cxt 0] Extracting header 'ethernet'
[10:15:00.515] [bmv2] [D] [thread 2053] [29.0] [cxt 0] Parser state 'start': key is 86dd
[10:15:00.515] [bmv2] [T] [thread 2053] [29.0] [cxt 0] Bytes parsed: 14
[10:15:00.515] [bmv2] [D] [thread 2053] [29.0] [cxt 0] Parser 'parser': end
[10:15:00.515] [bmv2] [D] [thread 2053] [29.0] [cxt 0] Pipeline 'ingress': start
[10:15:00.515] [bmv2] [T] [thread 2053] [29.0] [cxt 0] basic.p4(114) Condition "hdr.ipv4.isValid()" (node_2) is false
[10:15:00.515] [bmv2] [D] [thread 2054] [28.0] [cxt 0] Pipeline 'egress': start
[10:15:00.515] [bmv2] [D] [thread 2054] [28.0] [cxt 0] Pipeline 'egress': end
[10:15:00.515] [bmv2] [D] [thread 2054] [28.0] [cxt 0] Deparser 'deparser': start
[10:15:00.515] [bmv2] [D] [thread 2053] [29.0] [cxt 0] Pipeline 'ingress': end
[10:15:00.515] [bmv2] [D] [thread 2053] [29.0] [cxt 0] Egress port is 0
[10:15:00.515] [bmv2] [T] [thread 2054] [28.0] [cxt 0] Skipping checksum 'cksum' update because condition not met
[10:15:00.515] [bmv2] [D] [thread 2054] [28.0] [cxt 0] Deparsing header 'ethernet'
[10:15:00.515] [bmv2] [D] [thread 2054] [28.0] [cxt 0] Deparser 'deparser': end
[10:15:00.515] [bmv2] [D] [thread 2054] [29.0] [cxt 0] Pipeline 'egress': start
[10:15:00.515] [bmv2] [D] [thread 2054] [29.0] [cxt 0] Pipeline 'egress': end
[10:15:00.515] [bmv2] [D] [thread 2054] [29.0] [cxt 0] Deparser 'deparser': start
[10:15:00.515] [bmv2] [T] [thread 2054] [29.0] [cxt 0] Skipping checksum 'cksum' update because condition not met
[10:15:00.515] [bmv2] [D] [thread 2054] [29.0] [cxt 0] Deparsing header 'ethernet'
[10:15:00.515] [bmv2] [D] [thread 2054] [29.0] [cxt 0] Deparser 'deparser': end
[10:15:00.515] [bmv2] [D] [thread 2058] [28.0] [cxt 0] Transmitting packet of size 70 out of port 0
[10:15:00.515] [bmv2] [D] [thread 2058] [29.0] [cxt 0] Transmitting packet of size 70 out of port 0
[10:16:53.144] [bmv2] [D] [thread 2053] [30.0] [cxt 0] Processing packet received on port 2
[10:16:53.144] [bmv2] [D] [thread 2053] [30.0] [cxt 0] Parser 'parser': start
[10:16:53.144] [bmv2] [D] [thread 2053] [30.0] [cxt 0] Parser 'parser' entering state 'start'
[10:16:53.144] [bmv2] [D] [thread 2053] [30.0] [cxt 0] Extracting header 'ethernet'
[10:16:53.144] [bmv2] [D] [thread 2053] [30.0] [cxt 0] Parser state 'start': key is 86dd
[10:16:53.144] [bmv2] [T] [thread 2053] [30.0] [cxt 0] Bytes parsed: 14
[10:16:53.144] [bmv2] [D] [thread 2053] [30.0] [cxt 0] Parser 'parser': end
[10:16:53.144] [bmv2] [D] [thread 2053] [30.0] [cxt 0] Pipeline 'ingress': start
[10:16:53.144] [bmv2] [T] [thread 2053] [30.0] [cxt 0] basic.p4(114) Condition "hdr.ipv4.isValid()" (node_2) is false
[10:16:53.144] [bmv2] [D] [thread 2053] [30.0] [cxt 0] Pipeline 'ingress': end
[10:16:53.144] [bmv2] [D] [thread 2053] [30.0] [cxt 0] Egress port is 0
[10:16:53.144] [bmv2] [D] [thread 2054] [30.0] [cxt 0] Pipeline 'egress': start
[10:16:53.144] [bmv2] [D] [thread 2054] [30.0] [cxt 0] Pipeline 'egress': end
[10:16:53.144] [bmv2] [D] [thread 2054] [30.0] [cxt 0] Deparser 'deparser': start
[10:16:53.144] [bmv2] [T] [thread 2054] [30.0] [cxt 0] Skipping checksum 'cksum' update because condition not met
[10:16:53.144] [bmv2] [D] [thread 2054] [30.0] [cxt 0] Deparsing header 'ethernet'
[10:16:53.144] [bmv2] [D] [thread 2054] [30.0] [cxt 0] Deparser 'deparser': end
[10:16:53.144] [bmv2] [D] [thread 2058] [30.0] [cxt 0] Transmitting packet of size 70 out of port 0
[10:16:55.257] [bmv2] [D] [thread 2053] [31.0] [cxt 0] Processing packet received on port 2
[10:16:55.257] [bmv2] [D] [thread 2053] [31.0] [cxt 0] Parser 'parser': start
[10:16:55.257] [bmv2] [D] [thread 2053] [31.0] [cxt 0] Parser 'parser' entering state 'start'
[10:16:55.257] [bmv2] [D] [thread 2053] [31.0] [cxt 0] Extracting header 'ethernet'
[10:16:55.257] [bmv2] [D] [thread 2053] [31.0] [cxt 0] Parser state 'start': key is 86dd
[10:16:55.257] [bmv2] [T] [thread 2053] [31.0] [cxt 0] Bytes parsed: 14
[10:16:55.257] [bmv2] [D] [thread 2053] [31.0] [cxt 0] Parser 'parser': end
[10:16:55.257] [bmv2] [D] [thread 2053] [31.0] [cxt 0] Pipeline 'ingress': start
[10:16:55.257] [bmv2] [T] [thread 2053] [31.0] [cxt 0] basic.p4(114) Condition "hdr.ipv4.isValid()" (node_2) is false
[10:16:55.257] [bmv2] [D] [thread 2053] [31.0] [cxt 0] Pipeline 'ingress': end
[10:16:55.257] [bmv2] [D] [thread 2053] [31.0] [cxt 0] Egress port is 0
[10:16:55.257] [bmv2] [D] [thread 2054] [31.0] [cxt 0] Pipeline 'egress': start
[10:16:55.257] [bmv2] [D] [thread 2054] [31.0] [cxt 0] Pipeline 'egress': end
[10:16:55.257] [bmv2] [D] [thread 2054] [31.0] [cxt 0] Deparser 'deparser': start
[10:16:55.257] [bmv2] [T] [thread 2054] [31.0] [cxt 0] Skipping checksum 'cksum' update because condition not met
[10:16:55.257] [bmv2] [D] [thread 2054] [31.0] [cxt 0] Deparsing header 'ethernet'
[10:16:55.257] [bmv2] [D] [thread 2054] [31.0] [cxt 0] Deparser 'deparser': end
[10:16:55.257] [bmv2] [D] [thread 2058] [31.0] [cxt 0] Transmitting packet of size 70 out of port 0
[10:17:23.863] [bmv2] [D] [thread 2053] [32.0] [cxt 0] Processing packet received on port 1
[10:17:23.863] [bmv2] [D] [thread 2053] [32.0] [cxt 0] Parser 'parser': start
[10:17:23.863] [bmv2] [D] [thread 2053] [32.0] [cxt 0] Parser 'parser' entering state 'start'
[10:17:23.863] [bmv2] [D] [thread 2053] [32.0] [cxt 0] Extracting header 'ethernet'
[10:17:23.863] [bmv2] [D] [thread 2053] [32.0] [cxt 0] Parser state 'start': key is 86dd
[10:17:23.863] [bmv2] [T] [thread 2053] [32.0] [cxt 0] Bytes parsed: 14
[10:17:23.863] [bmv2] [D] [thread 2053] [32.0] [cxt 0] Parser 'parser': end
[10:17:23.863] [bmv2] [D] [thread 2053] [32.0] [cxt 0] Pipeline 'ingress': start
[10:17:23.863] [bmv2] [T] [thread 2053] [32.0] [cxt 0] basic.p4(114) Condition "hdr.ipv4.isValid()" (node_2) is false
[10:17:23.863] [bmv2] [D] [thread 2053] [32.0] [cxt 0] Pipeline 'ingress': end
[10:17:23.863] [bmv2] [D] [thread 2053] [32.0] [cxt 0] Egress port is 0
[10:17:23.863] [bmv2] [D] [thread 2053] [33.0] [cxt 0] Processing packet received on port 1
[10:17:23.863] [bmv2] [D] [thread 2053] [33.0] [cxt 0] Parser 'parser': start
[10:17:23.863] [bmv2] [D] [thread 2053] [33.0] [cxt 0] Parser 'parser' entering state 'start'
[10:17:23.863] [bmv2] [D] [thread 2053] [33.0] [cxt 0] Extracting header 'ethernet'
[10:17:23.863] [bmv2] [D] [thread 2053] [33.0] [cxt 0] Parser state 'start': key is 86dd
[10:17:23.863] [bmv2] [T] [thread 2053] [33.0] [cxt 0] Bytes parsed: 14
[10:17:23.863] [bmv2] [D] [thread 2053] [33.0] [cxt 0] Parser 'parser': end
[10:17:23.863] [bmv2] [D] [thread 2053] [33.0] [cxt 0] Pipeline 'ingress': start
[10:17:23.863] [bmv2] [T] [thread 2053] [33.0] [cxt 0] basic.p4(114) Condition "hdr.ipv4.isValid()" (node_2) is false
[10:17:23.863] [bmv2] [D] [thread 2053] [33.0] [cxt 0] Pipeline 'ingress': end
[10:17:23.863] [bmv2] [D] [thread 2053] [33.0] [cxt 0] Egress port is 0
[10:17:23.863] [bmv2] [D] [thread 2054] [32.0] [cxt 0] Pipeline 'egress': start
[10:17:23.863] [bmv2] [D] [thread 2054] [32.0] [cxt 0] Pipeline 'egress': end
[10:17:23.863] [bmv2] [D] [thread 2054] [32.0] [cxt 0] Deparser 'deparser': start
[10:17:23.863] [bmv2] [T] [thread 2054] [32.0] [cxt 0] Skipping checksum 'cksum' update because condition not met
[10:17:23.863] [bmv2] [D] [thread 2054] [32.0] [cxt 0] Deparsing header 'ethernet'
[10:17:23.863] [bmv2] [D] [thread 2054] [32.0] [cxt 0] Deparser 'deparser': end
[10:17:23.863] [bmv2] [D] [thread 2054] [33.0] [cxt 0] Pipeline 'egress': start
[10:17:23.863] [bmv2] [D] [thread 2054] [33.0] [cxt 0] Pipeline 'egress': end
[10:17:23.863] [bmv2] [D] [thread 2054] [33.0] [cxt 0] Deparser 'deparser': start
[10:17:23.863] [bmv2] [T] [thread 2054] [33.0] [cxt 0] Skipping checksum 'cksum' update because condition not met
[10:17:23.863] [bmv2] [D] [thread 2054] [33.0] [cxt 0] Deparsing header 'ethernet'
[10:17:23.863] [bmv2] [D] [thread 2054] [33.0] [cxt 0] Deparser 'deparser': end
[10:17:23.863] [bmv2] [D] [thread 2058] [32.0] [cxt 0] Transmitting packet of size 70 out of port 0
[10:17:23.863] [bmv2] [D] [thread 2058] [33.0] [cxt 0] Transmitting packet of size 70 out of port 0
[10:21:13.250] [bmv2] [D] [thread 2053] [34.0] [cxt 0] Processing packet received on port 2
[10:21:13.250] [bmv2] [D] [thread 2053] [34.0] [cxt 0] Parser 'parser': start
[10:21:13.250] [bmv2] [D] [thread 2053] [34.0] [cxt 0] Parser 'parser' entering state 'start'
[10:21:13.250] [bmv2] [D] [thread 2053] [34.0] [cxt 0] Extracting header 'ethernet'
[10:21:13.250] [bmv2] [D] [thread 2053] [34.0] [cxt 0] Parser state 'start': key is 86dd
[10:21:13.250] [bmv2] [T] [thread 2053] [34.0] [cxt 0] Bytes parsed: 14
[10:21:13.250] [bmv2] [D] [thread 2053] [34.0] [cxt 0] Parser 'parser': end
[10:21:13.250] [bmv2] [D] [thread 2053] [34.0] [cxt 0] Pipeline 'ingress': start
[10:21:13.250] [bmv2] [T] [thread 2053] [34.0] [cxt 0] basic.p4(114) Condition "hdr.ipv4.isValid()" (node_2) is false
[10:21:13.250] [bmv2] [D] [thread 2053] [34.0] [cxt 0] Pipeline 'ingress': end
[10:21:13.250] [bmv2] [D] [thread 2053] [34.0] [cxt 0] Egress port is 0
[10:21:13.250] [bmv2] [D] [thread 2053] [35.0] [cxt 0] Processing packet received on port 2
[10:21:13.250] [bmv2] [D] [thread 2053] [35.0] [cxt 0] Parser 'parser': start
[10:21:13.250] [bmv2] [D] [thread 2053] [35.0] [cxt 0] Parser 'parser' entering state 'start'
[10:21:13.250] [bmv2] [D] [thread 2053] [35.0] [cxt 0] Extracting header 'ethernet'
[10:21:13.250] [bmv2] [D] [thread 2053] [35.0] [cxt 0] Parser state 'start': key is 86dd
[10:21:13.250] [bmv2] [T] [thread 2053] [35.0] [cxt 0] Bytes parsed: 14
[10:21:13.250] [bmv2] [D] [thread 2053] [35.0] [cxt 0] Parser 'parser': end
[10:21:13.250] [bmv2] [D] [thread 2053] [35.0] [cxt 0] Pipeline 'ingress': start
[10:21:13.250] [bmv2] [T] [thread 2053] [35.0] [cxt 0] basic.p4(114) Condition "hdr.ipv4.isValid()" (node_2) is false
[10:21:13.250] [bmv2] [D] [thread 2053] [35.0] [cxt 0] Pipeline 'ingress': end
[10:21:13.250] [bmv2] [D] [thread 2053] [35.0] [cxt 0] Egress port is 0
[10:21:13.250] [bmv2] [D] [thread 2054] [34.0] [cxt 0] Pipeline 'egress': start
[10:21:13.250] [bmv2] [D] [thread 2054] [34.0] [cxt 0] Pipeline 'egress': end
[10:21:13.250] [bmv2] [D] [thread 2054] [34.0] [cxt 0] Deparser 'deparser': start
[10:21:13.250] [bmv2] [T] [thread 2054] [34.0] [cxt 0] Skipping checksum 'cksum' update because condition not met
[10:21:13.250] [bmv2] [D] [thread 2054] [34.0] [cxt 0] Deparsing header 'ethernet'
[10:21:13.250] [bmv2] [D] [thread 2054] [34.0] [cxt 0] Deparser 'deparser': end
[10:21:13.250] [bmv2] [D] [thread 2054] [35.0] [cxt 0] Pipeline 'egress': start
[10:21:13.250] [bmv2] [D] [thread 2054] [35.0] [cxt 0] Pipeline 'egress': end
[10:21:13.250] [bmv2] [D] [thread 2054] [35.0] [cxt 0] Deparser 'deparser': start
[10:21:13.250] [bmv2] [T] [thread 2054] [35.0] [cxt 0] Skipping checksum 'cksum' update because condition not met
[10:21:13.250] [bmv2] [D] [thread 2054] [35.0] [cxt 0] Deparsing header 'ethernet'
[10:21:13.250] [bmv2] [D] [thread 2054] [35.0] [cxt 0] Deparser 'deparser': end
[10:21:13.250] [bmv2] [D] [thread 2058] [34.0] [cxt 0] Transmitting packet of size 70 out of port 0
[10:21:13.250] [bmv2] [D] [thread 2058] [35.0] [cxt 0] Transmitting packet of size 70 out of port 0
[10:21:46.051] [bmv2] [D] [thread 2053] [36.0] [cxt 0] Processing packet received on port 1
[10:21:46.051] [bmv2] [D] [thread 2053] [36.0] [cxt 0] Parser 'parser': start
[10:21:46.051] [bmv2] [D] [thread 2053] [36.0] [cxt 0] Parser 'parser' entering state 'start'
[10:21:46.051] [bmv2] [D] [thread 2053] [36.0] [cxt 0] Extracting header 'ethernet'
[10:21:46.051] [bmv2] [D] [thread 2053] [36.0] [cxt 0] Parser state 'start': key is 86dd
[10:21:46.051] [bmv2] [T] [thread 2053] [36.0] [cxt 0] Bytes parsed: 14
[10:21:46.051] [bmv2] [D] [thread 2053] [36.0] [cxt 0] Parser 'parser': end
[10:21:46.051] [bmv2] [D] [thread 2053] [36.0] [cxt 0] Pipeline 'ingress': start
[10:21:46.051] [bmv2] [T] [thread 2053] [36.0] [cxt 0] basic.p4(114) Condition "hdr.ipv4.isValid()" (node_2) is false
[10:21:46.051] [bmv2] [D] [thread 2053] [36.0] [cxt 0] Pipeline 'ingress': end
[10:21:46.051] [bmv2] [D] [thread 2053] [36.0] [cxt 0] Egress port is 0
[10:21:46.051] [bmv2] [D] [thread 2054] [36.0] [cxt 0] Pipeline 'egress': start
[10:21:46.051] [bmv2] [D] [thread 2054] [36.0] [cxt 0] Pipeline 'egress': end
[10:21:46.051] [bmv2] [D] [thread 2054] [36.0] [cxt 0] Deparser 'deparser': start
[10:21:46.051] [bmv2] [T] [thread 2054] [36.0] [cxt 0] Skipping checksum 'cksum' update because condition not met
[10:21:46.051] [bmv2] [D] [thread 2054] [36.0] [cxt 0] Deparsing header 'ethernet'
[10:21:46.051] [bmv2] [D] [thread 2054] [36.0] [cxt 0] Deparser 'deparser': end
[10:21:46.051] [bmv2] [D] [thread 2058] [36.0] [cxt 0] Transmitting packet of size 70 out of port 0
[10:22:02.420] [bmv2] [D] [thread 2053] [37.0] [cxt 0] Processing packet received on port 1
[10:22:02.420] [bmv2] [D] [thread 2053] [37.0] [cxt 0] Parser 'parser': start
[10:22:02.420] [bmv2] [D] [thread 2053] [37.0] [cxt 0] Parser 'parser' entering state 'start'
[10:22:02.420] [bmv2] [D] [thread 2053] [37.0] [cxt 0] Extracting header 'ethernet'
[10:22:02.420] [bmv2] [D] [thread 2053] [37.0] [cxt 0] Parser state 'start': key is 86dd
[10:22:02.420] [bmv2] [T] [thread 2053] [37.0] [cxt 0] Bytes parsed: 14
[10:22:02.420] [bmv2] [D] [thread 2053] [37.0] [cxt 0] Parser 'parser': end
[10:22:02.420] [bmv2] [D] [thread 2053] [37.0] [cxt 0] Pipeline 'ingress': start
[10:22:02.420] [bmv2] [T] [thread 2053] [37.0] [cxt 0] basic.p4(114) Condition "hdr.ipv4.isValid()" (node_2) is false
[10:22:02.420] [bmv2] [D] [thread 2053] [37.0] [cxt 0] Pipeline 'ingress': end
[10:22:02.420] [bmv2] [D] [thread 2053] [37.0] [cxt 0] Egress port is 0
[10:22:02.420] [bmv2] [D] [thread 2054] [37.0] [cxt 0] Pipeline 'egress': start
[10:22:02.420] [bmv2] [D] [thread 2054] [37.0] [cxt 0] Pipeline 'egress': end
[10:22:02.420] [bmv2] [D] [thread 2054] [37.0] [cxt 0] Deparser 'deparser': start
[10:22:02.420] [bmv2] [T] [thread 2054] [37.0] [cxt 0] Skipping checksum 'cksum' update because condition not met
[10:22:02.420] [bmv2] [D] [thread 2054] [37.0] [cxt 0] Deparsing header 'ethernet'
[10:22:02.420] [bmv2] [D] [thread 2054] [37.0] [cxt 0] Deparser 'deparser': end
[10:22:02.420] [bmv2] [D] [thread 2058] [37.0] [cxt 0] Transmitting packet of size 70 out of port 0
[10:29:24.770] [bmv2] [D] [thread 2053] [38.0] [cxt 0] Processing packet received on port 2
[10:29:24.770] [bmv2] [D] [thread 2053] [38.0] [cxt 0] Parser 'parser': start
[10:29:24.770] [bmv2] [D] [thread 2053] [38.0] [cxt 0] Parser 'parser' entering state 'start'
[10:29:24.770] [bmv2] [D] [thread 2053] [38.0] [cxt 0] Extracting header 'ethernet'
[10:29:24.770] [bmv2] [D] [thread 2053] [38.0] [cxt 0] Parser state 'start': key is 86dd
[10:29:24.770] [bmv2] [T] [thread 2053] [38.0] [cxt 0] Bytes parsed: 14
[10:29:24.770] [bmv2] [D] [thread 2053] [38.0] [cxt 0] Parser 'parser': end
[10:29:24.770] [bmv2] [D] [thread 2053] [38.0] [cxt 0] Pipeline 'ingress': start
[10:29:24.770] [bmv2] [T] [thread 2053] [38.0] [cxt 0] basic.p4(114) Condition "hdr.ipv4.isValid()" (node_2) is false
[10:29:24.770] [bmv2] [D] [thread 2053] [38.0] [cxt 0] Pipeline 'ingress': end
[10:29:24.770] [bmv2] [D] [thread 2053] [38.0] [cxt 0] Egress port is 0
[10:29:24.770] [bmv2] [D] [thread 2054] [38.0] [cxt 0] Pipeline 'egress': start
[10:29:24.770] [bmv2] [D] [thread 2054] [38.0] [cxt 0] Pipeline 'egress': end
[10:29:24.770] [bmv2] [D] [thread 2054] [38.0] [cxt 0] Deparser 'deparser': start
[10:29:24.770] [bmv2] [T] [thread 2054] [38.0] [cxt 0] Skipping checksum 'cksum' update because condition not met
[10:29:24.770] [bmv2] [D] [thread 2054] [38.0] [cxt 0] Deparsing header 'ethernet'
[10:29:24.770] [bmv2] [D] [thread 2054] [38.0] [cxt 0] Deparser 'deparser': end
[10:29:24.770] [bmv2] [D] [thread 2058] [38.0] [cxt 0] Transmitting packet of size 70 out of port 0
[10:29:57.535] [bmv2] [D] [thread 2053] [39.0] [cxt 0] Processing packet received on port 2
[10:29:57.535] [bmv2] [D] [thread 2053] [39.0] [cxt 0] Parser 'parser': start
[10:29:57.535] [bmv2] [D] [thread 2053] [39.0] [cxt 0] Parser 'parser' entering state 'start'
[10:29:57.535] [bmv2] [D] [thread 2053] [39.0] [cxt 0] Extracting header 'ethernet'
[10:29:57.535] [bmv2] [D] [thread 2053] [39.0] [cxt 0] Parser state 'start': key is 86dd
[10:29:57.535] [bmv2] [T] [thread 2053] [39.0] [cxt 0] Bytes parsed: 14
[10:29:57.535] [bmv2] [D] [thread 2053] [39.0] [cxt 0] Parser 'parser': end
[10:29:57.535] [bmv2] [D] [thread 2053] [39.0] [cxt 0] Pipeline 'ingress': start
[10:29:57.535] [bmv2] [T] [thread 2053] [39.0] [cxt 0] basic.p4(114) Condition "hdr.ipv4.isValid()" (node_2) is false
[10:29:57.535] [bmv2] [D] [thread 2053] [39.0] [cxt 0] Pipeline 'ingress': end
[10:29:57.535] [bmv2] [D] [thread 2053] [39.0] [cxt 0] Egress port is 0
[10:29:57.535] [bmv2] [D] [thread 2054] [39.0] [cxt 0] Pipeline 'egress': start
[10:29:57.535] [bmv2] [D] [thread 2054] [39.0] [cxt 0] Pipeline 'egress': end
[10:29:57.535] [bmv2] [D] [thread 2054] [39.0] [cxt 0] Deparser 'deparser': start
[10:29:57.535] [bmv2] [T] [thread 2054] [39.0] [cxt 0] Skipping checksum 'cksum' update because condition not met
[10:29:57.535] [bmv2] [D] [thread 2054] [39.0] [cxt 0] Deparsing header 'ethernet'
[10:29:57.535] [bmv2] [D] [thread 2054] [39.0] [cxt 0] Deparser 'deparser': end
[10:29:57.535] [bmv2] [D] [thread 2058] [39.0] [cxt 0] Transmitting packet of size 70 out of port 0
[10:30:46.691] [bmv2] [D] [thread 2053] [40.0] [cxt 0] Processing packet received on port 1
[10:30:46.691] [bmv2] [D] [thread 2053] [40.0] [cxt 0] Parser 'parser': start
[10:30:46.691] [bmv2] [D] [thread 2053] [40.0] [cxt 0] Parser 'parser' entering state 'start'
[10:30:46.691] [bmv2] [D] [thread 2053] [40.0] [cxt 0] Extracting header 'ethernet'
[10:30:46.691] [bmv2] [D] [thread 2053] [40.0] [cxt 0] Parser state 'start': key is 86dd
[10:30:46.691] [bmv2] [T] [thread 2053] [40.0] [cxt 0] Bytes parsed: 14
[10:30:46.691] [bmv2] [D] [thread 2053] [40.0] [cxt 0] Parser 'parser': end
[10:30:46.691] [bmv2] [D] [thread 2053] [40.0] [cxt 0] Pipeline 'ingress': start
[10:30:46.691] [bmv2] [T] [thread 2053] [40.0] [cxt 0] basic.p4(114) Condition "hdr.ipv4.isValid()" (node_2) is false
[10:30:46.691] [bmv2] [D] [thread 2053] [40.0] [cxt 0] Pipeline 'ingress': end
[10:30:46.691] [bmv2] [D] [thread 2053] [40.0] [cxt 0] Egress port is 0
[10:30:46.691] [bmv2] [D] [thread 2054] [40.0] [cxt 0] Pipeline 'egress': start
[10:30:46.691] [bmv2] [D] [thread 2054] [40.0] [cxt 0] Pipeline 'egress': end
[10:30:46.691] [bmv2] [D] [thread 2054] [40.0] [cxt 0] Deparser 'deparser': start
[10:30:46.691] [bmv2] [T] [thread 2054] [40.0] [cxt 0] Skipping checksum 'cksum' update because condition not met
[10:30:46.691] [bmv2] [D] [thread 2054] [40.0] [cxt 0] Deparsing header 'ethernet'
[10:30:46.691] [bmv2] [D] [thread 2054] [40.0] [cxt 0] Deparser 'deparser': end
[10:30:46.691] [bmv2] [D] [thread 2058] [40.0] [cxt 0] Transmitting packet of size 70 out of port 0
[10:31:03.078] [bmv2] [D] [thread 2053] [41.0] [cxt 0] Processing packet received on port 1
[10:31:03.078] [bmv2] [D] [thread 2053] [41.0] [cxt 0] Parser 'parser': start
[10:31:03.078] [bmv2] [D] [thread 2053] [41.0] [cxt 0] Parser 'parser' entering state 'start'
[10:31:03.078] [bmv2] [D] [thread 2053] [41.0] [cxt 0] Extracting header 'ethernet'
[10:31:03.078] [bmv2] [D] [thread 2053] [41.0] [cxt 0] Parser state 'start': key is 86dd
[10:31:03.078] [bmv2] [T] [thread 2053] [41.0] [cxt 0] Bytes parsed: 14
[10:31:03.078] [bmv2] [D] [thread 2053] [41.0] [cxt 0] Parser 'parser': end
[10:31:03.078] [bmv2] [D] [thread 2053] [41.0] [cxt 0] Pipeline 'ingress': start
[10:31:03.078] [bmv2] [T] [thread 2053] [41.0] [cxt 0] basic.p4(114) Condition "hdr.ipv4.isValid()" (node_2) is false
[10:31:03.078] [bmv2] [D] [thread 2053] [41.0] [cxt 0] Pipeline 'ingress': end
[10:31:03.078] [bmv2] [D] [thread 2053] [41.0] [cxt 0] Egress port is 0
[10:31:03.078] [bmv2] [D] [thread 2054] [41.0] [cxt 0] Pipeline 'egress': start
[10:31:03.078] [bmv2] [D] [thread 2054] [41.0] [cxt 0] Pipeline 'egress': end
[10:31:03.078] [bmv2] [D] [thread 2054] [41.0] [cxt 0] Deparser 'deparser': start
[10:31:03.078] [bmv2] [T] [thread 2054] [41.0] [cxt 0] Skipping checksum 'cksum' update because condition not met
[10:31:03.078] [bmv2] [D] [thread 2054] [41.0] [cxt 0] Deparsing header 'ethernet'
[10:31:03.078] [bmv2] [D] [thread 2054] [41.0] [cxt 0] Deparser 'deparser': end
[10:31:03.078] [bmv2] [D] [thread 2058] [41.0] [cxt 0] Transmitting packet of size 70 out of port 0
[10:46:04.204] [bmv2] [D] [thread 2053] [42.0] [cxt 0] Processing packet received on port 2
[10:46:04.204] [bmv2] [D] [thread 2053] [42.0] [cxt 0] Parser 'parser': start
[10:46:04.204] [bmv2] [D] [thread 2053] [42.0] [cxt 0] Parser 'parser' entering state 'start'
[10:46:04.204] [bmv2] [D] [thread 2053] [42.0] [cxt 0] Extracting header 'ethernet'
[10:46:04.204] [bmv2] [D] [thread 2053] [42.0] [cxt 0] Parser state 'start': key is 86dd
[10:46:04.204] [bmv2] [T] [thread 2053] [42.0] [cxt 0] Bytes parsed: 14
[10:46:04.204] [bmv2] [D] [thread 2053] [42.0] [cxt 0] Parser 'parser': end
[10:46:04.204] [bmv2] [D] [thread 2053] [42.0] [cxt 0] Pipeline 'ingress': start
[10:46:04.204] [bmv2] [T] [thread 2053] [42.0] [cxt 0] basic.p4(114) Condition "hdr.ipv4.isValid()" (node_2) is false
[10:46:04.204] [bmv2] [D] [thread 2053] [42.0] [cxt 0] Pipeline 'ingress': end
[10:46:04.204] [bmv2] [D] [thread 2053] [42.0] [cxt 0] Egress port is 0
[10:46:04.204] [bmv2] [D] [thread 2054] [42.0] [cxt 0] Pipeline 'egress': start
[10:46:04.204] [bmv2] [D] [thread 2054] [42.0] [cxt 0] Pipeline 'egress': end
[10:46:04.204] [bmv2] [D] [thread 2054] [42.0] [cxt 0] Deparser 'deparser': start
[10:46:04.204] [bmv2] [T] [thread 2054] [42.0] [cxt 0] Skipping checksum 'cksum' update because condition not met
[10:46:04.204] [bmv2] [D] [thread 2054] [42.0] [cxt 0] Deparsing header 'ethernet'
[10:46:04.204] [bmv2] [D] [thread 2054] [42.0] [cxt 0] Deparser 'deparser': end
[10:46:04.204] [bmv2] [D] [thread 2058] [42.0] [cxt 0] Transmitting packet of size 70 out of port 0
[10:47:42.498] [bmv2] [D] [thread 2053] [43.0] [cxt 0] Processing packet received on port 1
[10:47:42.498] [bmv2] [D] [thread 2053] [43.0] [cxt 0] Parser 'parser': start
[10:47:42.498] [bmv2] [D] [thread 2053] [43.0] [cxt 0] Parser 'parser' entering state 'start'
[10:47:42.498] [bmv2] [D] [thread 2053] [43.0] [cxt 0] Extracting header 'ethernet'
[10:47:42.498] [bmv2] [D] [thread 2053] [43.0] [cxt 0] Parser state 'start': key is 86dd
[10:47:42.498] [bmv2] [T] [thread 2053] [43.0] [cxt 0] Bytes parsed: 14
[10:47:42.498] [bmv2] [D] [thread 2053] [43.0] [cxt 0] Parser 'parser': end
[10:47:42.498] [bmv2] [D] [thread 2053] [43.0] [cxt 0] Pipeline 'ingress': start
[10:47:42.498] [bmv2] [T] [thread 2053] [43.0] [cxt 0] basic.p4(114) Condition "hdr.ipv4.isValid()" (node_2) is false
[10:47:42.498] [bmv2] [D] [thread 2053] [43.0] [cxt 0] Pipeline 'ingress': end
[10:47:42.498] [bmv2] [D] [thread 2053] [43.0] [cxt 0] Egress port is 0
[10:47:42.498] [bmv2] [D] [thread 2054] [43.0] [cxt 0] Pipeline 'egress': start
[10:47:42.498] [bmv2] [D] [thread 2054] [43.0] [cxt 0] Pipeline 'egress': end
[10:47:42.498] [bmv2] [D] [thread 2054] [43.0] [cxt 0] Deparser 'deparser': start
[10:47:42.498] [bmv2] [T] [thread 2054] [43.0] [cxt 0] Skipping checksum 'cksum' update because condition not met
[10:47:42.498] [bmv2] [D] [thread 2054] [43.0] [cxt 0] Deparsing header 'ethernet'
[10:47:42.498] [bmv2] [D] [thread 2054] [43.0] [cxt 0] Deparser 'deparser': end
[10:47:42.498] [bmv2] [D] [thread 2058] [43.0] [cxt 0] Transmitting packet of size 70 out of port 0
[10:49:04.420] [bmv2] [D] [thread 2053] [44.0] [cxt 0] Processing packet received on port 1
[10:49:04.420] [bmv2] [D] [thread 2053] [44.0] [cxt 0] Parser 'parser': start
[10:49:04.420] [bmv2] [D] [thread 2053] [44.0] [cxt 0] Parser 'parser' entering state 'start'
[10:49:04.420] [bmv2] [D] [thread 2053] [44.0] [cxt 0] Extracting header 'ethernet'
[10:49:04.420] [bmv2] [D] [thread 2053] [44.0] [cxt 0] Parser state 'start': key is 86dd
[10:49:04.420] [bmv2] [T] [thread 2053] [44.0] [cxt 0] Bytes parsed: 14
[10:49:04.420] [bmv2] [D] [thread 2053] [44.0] [cxt 0] Parser 'parser': end
[10:49:04.420] [bmv2] [D] [thread 2053] [44.0] [cxt 0] Pipeline 'ingress': start
[10:49:04.420] [bmv2] [T] [thread 2053] [44.0] [cxt 0] basic.p4(114) Condition "hdr.ipv4.isValid()" (node_2) is false
[10:49:04.420] [bmv2] [D] [thread 2053] [44.0] [cxt 0] Pipeline 'ingress': end
[10:49:04.420] [bmv2] [D] [thread 2053] [44.0] [cxt 0] Egress port is 0
[10:49:04.420] [bmv2] [D] [thread 2054] [44.0] [cxt 0] Pipeline 'egress': start
[10:49:04.420] [bmv2] [D] [thread 2054] [44.0] [cxt 0] Pipeline 'egress': end
[10:49:04.420] [bmv2] [D] [thread 2054] [44.0] [cxt 0] Deparser 'deparser': start
[10:49:04.420] [bmv2] [T] [thread 2054] [44.0] [cxt 0] Skipping checksum 'cksum' update because condition not met
[10:49:04.420] [bmv2] [D] [thread 2054] [44.0] [cxt 0] Deparsing header 'ethernet'
[10:49:04.420] [bmv2] [D] [thread 2054] [44.0] [cxt 0] Deparser 'deparser': end
[10:49:04.420] [bmv2] [D] [thread 2058] [44.0] [cxt 0] Transmitting packet of size 70 out of port 0
[10:49:04.420] [bmv2] [D] [thread 2053] [45.0] [cxt 0] Processing packet received on port 2
[10:49:04.420] [bmv2] [D] [thread 2053] [45.0] [cxt 0] Parser 'parser': start
[10:49:04.420] [bmv2] [D] [thread 2053] [45.0] [cxt 0] Parser 'parser' entering state 'start'
[10:49:04.420] [bmv2] [D] [thread 2053] [45.0] [cxt 0] Extracting header 'ethernet'
[10:49:04.420] [bmv2] [D] [thread 2053] [45.0] [cxt 0] Parser state 'start': key is 86dd
[10:49:04.420] [bmv2] [T] [thread 2053] [45.0] [cxt 0] Bytes parsed: 14
[10:49:04.420] [bmv2] [D] [thread 2053] [45.0] [cxt 0] Parser 'parser': end
[10:49:04.420] [bmv2] [D] [thread 2053] [45.0] [cxt 0] Pipeline 'ingress': start
[10:49:04.420] [bmv2] [T] [thread 2053] [45.0] [cxt 0] basic.p4(114) Condition "hdr.ipv4.isValid()" (node_2) is false
[10:49:04.420] [bmv2] [D] [thread 2053] [45.0] [cxt 0] Pipeline 'ingress': end
[10:49:04.420] [bmv2] [D] [thread 2053] [45.0] [cxt 0] Egress port is 0
[10:49:04.420] [bmv2] [D] [thread 2054] [45.0] [cxt 0] Pipeline 'egress': start
[10:49:04.420] [bmv2] [D] [thread 2054] [45.0] [cxt 0] Pipeline 'egress': end
[10:49:04.420] [bmv2] [D] [thread 2054] [45.0] [cxt 0] Deparser 'deparser': start
[10:49:04.420] [bmv2] [T] [thread 2054] [45.0] [cxt 0] Skipping checksum 'cksum' update because condition not met
[10:49:04.420] [bmv2] [D] [thread 2054] [45.0] [cxt 0] Deparsing header 'ethernet'
[10:49:04.420] [bmv2] [D] [thread 2054] [45.0] [cxt 0] Deparser 'deparser': end
[10:49:04.420] [bmv2] [D] [thread 2058] [45.0] [cxt 0] Transmitting packet of size 70 out of port 0
open: No such file or directory
open: No such file or directory
open: No such file or directory
