Calling target program-options parser
[22:20:10.468] [bmv2] [D] [thread 14890] Set default default entry for table 'MyIngress.ipv4_lpm': MyIngress.drop - 
Adding interface s4-eth1 as port 1
[22:20:10.468] [bmv2] [D] [thread 14890] Adding interface s4-eth1 as port 1
Adding interface s4-eth2 as port 2
[22:20:10.486] [bmv2] [D] [thread 14890] Adding interface s4-eth2 as port 2
Server listening on 0.0.0.0:50054
[22:20:10.503] [bmv2] [I] [thread 14890] Starting Thrift server on port 9093
[22:20:10.504] [bmv2] [I] [thread 14890] Thrift server was started
[22:20:10.536] [bmv2] [D] [thread 14900] [0.0] [cxt 0] Processing packet received on port 2
[22:20:10.536] [bmv2] [D] [thread 14900] [0.0] [cxt 0] Parser 'parser': start
[22:20:10.536] [bmv2] [D] [thread 14900] [0.0] [cxt 0] Parser 'parser' entering state 'start'
[22:20:10.536] [bmv2] [D] [thread 14900] [0.0] [cxt 0] Extracting header 'ethernet'
[22:20:10.536] [bmv2] [D] [thread 14900] [0.0] [cxt 0] Parser state 'start': key is 86dd
[22:20:10.536] [bmv2] [T] [thread 14900] [0.0] [cxt 0] Bytes parsed: 14
[22:20:10.536] [bmv2] [D] [thread 14900] [0.0] [cxt 0] Parser 'parser': end
[22:20:10.536] [bmv2] [D] [thread 14900] [0.0] [cxt 0] Pipeline 'ingress': start
[22:20:10.536] [bmv2] [T] [thread 14900] [0.0] [cxt 0] basic.p4(114) Condition "hdr.ipv4.isValid()" (node_2) is false
[22:20:10.536] [bmv2] [D] [thread 14900] [0.0] [cxt 0] Pipeline 'ingress': end
[22:20:10.536] [bmv2] [D] [thread 14900] [0.0] [cxt 0] Egress port is 0
[22:20:10.536] [bmv2] [D] [thread 14901] [0.0] [cxt 0] Pipeline 'egress': start
[22:20:10.536] [bmv2] [D] [thread 14901] [0.0] [cxt 0] Pipeline 'egress': end
[22:20:10.536] [bmv2] [D] [thread 14901] [0.0] [cxt 0] Deparser 'deparser': start
[22:20:10.536] [bmv2] [T] [thread 14901] [0.0] [cxt 0] Skipping checksum 'cksum' update because condition not met
[22:20:10.536] [bmv2] [D] [thread 14901] [0.0] [cxt 0] Deparsing header 'ethernet'
[22:20:10.536] [bmv2] [D] [thread 14901] [0.0] [cxt 0] Deparser 'deparser': end
[22:20:10.536] [bmv2] [D] [thread 14905] [0.0] [cxt 0] Transmitting packet of size 90 out of port 0
[22:20:10.617] [bmv2] [D] [thread 14900] [1.0] [cxt 0] Processing packet received on port 2
[22:20:10.617] [bmv2] [D] [thread 14900] [1.0] [cxt 0] Parser 'parser': start
[22:20:10.617] [bmv2] [D] [thread 14900] [1.0] [cxt 0] Parser 'parser' entering state 'start'
[22:20:10.617] [bmv2] [D] [thread 14900] [1.0] [cxt 0] Extracting header 'ethernet'
[22:20:10.617] [bmv2] [D] [thread 14900] [1.0] [cxt 0] Parser state 'start': key is 86dd
[22:20:10.617] [bmv2] [T] [thread 14900] [1.0] [cxt 0] Bytes parsed: 14
[22:20:10.617] [bmv2] [D] [thread 14900] [1.0] [cxt 0] Parser 'parser': end
[22:20:10.617] [bmv2] [D] [thread 14900] [1.0] [cxt 0] Pipeline 'ingress': start
[22:20:10.617] [bmv2] [T] [thread 14900] [1.0] [cxt 0] basic.p4(114) Condition "hdr.ipv4.isValid()" (node_2) is false
[22:20:10.617] [bmv2] [D] [thread 14900] [1.0] [cxt 0] Pipeline 'ingress': end
[22:20:10.617] [bmv2] [D] [thread 14900] [1.0] [cxt 0] Egress port is 0
[22:20:10.617] [bmv2] [D] [thread 14901] [1.0] [cxt 0] Pipeline 'egress': start
[22:20:10.617] [bmv2] [D] [thread 14901] [1.0] [cxt 0] Pipeline 'egress': end
[22:20:10.617] [bmv2] [D] [thread 14901] [1.0] [cxt 0] Deparser 'deparser': start
[22:20:10.617] [bmv2] [T] [thread 14901] [1.0] [cxt 0] Skipping checksum 'cksum' update because condition not met
[22:20:10.617] [bmv2] [D] [thread 14901] [1.0] [cxt 0] Deparsing header 'ethernet'
[22:20:10.617] [bmv2] [D] [thread 14901] [1.0] [cxt 0] Deparser 'deparser': end
[22:20:10.617] [bmv2] [D] [thread 14905] [1.0] [cxt 0] Transmitting packet of size 107 out of port 0
[22:20:11.156] [bmv2] [D] [thread 14900] [2.0] [cxt 0] Processing packet received on port 1
[22:20:11.156] [bmv2] [D] [thread 14900] [2.0] [cxt 0] Parser 'parser': start
[22:20:11.156] [bmv2] [D] [thread 14900] [2.0] [cxt 0] Parser 'parser' entering state 'start'
[22:20:11.156] [bmv2] [D] [thread 14900] [2.0] [cxt 0] Extracting header 'ethernet'
[22:20:11.156] [bmv2] [D] [thread 14900] [2.0] [cxt 0] Parser state 'start': key is 86dd
[22:20:11.156] [bmv2] [T] [thread 14900] [2.0] [cxt 0] Bytes parsed: 14
[22:20:11.156] [bmv2] [D] [thread 14900] [2.0] [cxt 0] Parser 'parser': end
[22:20:11.156] [bmv2] [D] [thread 14900] [2.0] [cxt 0] Pipeline 'ingress': start
[22:20:11.156] [bmv2] [T] [thread 14900] [2.0] [cxt 0] basic.p4(114) Condition "hdr.ipv4.isValid()" (node_2) is false
[22:20:11.156] [bmv2] [D] [thread 14900] [2.0] [cxt 0] Pipeline 'ingress': end
[22:20:11.156] [bmv2] [D] [thread 14900] [2.0] [cxt 0] Egress port is 0
[22:20:11.156] [bmv2] [D] [thread 14901] [2.0] [cxt 0] Pipeline 'egress': start
[22:20:11.156] [bmv2] [D] [thread 14901] [2.0] [cxt 0] Pipeline 'egress': end
[22:20:11.156] [bmv2] [D] [thread 14901] [2.0] [cxt 0] Deparser 'deparser': start
[22:20:11.156] [bmv2] [T] [thread 14901] [2.0] [cxt 0] Skipping checksum 'cksum' update because condition not met
[22:20:11.156] [bmv2] [D] [thread 14901] [2.0] [cxt 0] Deparsing header 'ethernet'
[22:20:11.156] [bmv2] [D] [thread 14901] [2.0] [cxt 0] Deparser 'deparser': end
[22:20:11.156] [bmv2] [D] [thread 14905] [2.0] [cxt 0] Transmitting packet of size 212 out of port 0
[22:20:11.282] [bmv2] [D] [thread 14900] [3.0] [cxt 0] Processing packet received on port 1
[22:20:11.282] [bmv2] [D] [thread 14900] [3.0] [cxt 0] Parser 'parser': start
[22:20:11.282] [bmv2] [D] [thread 14900] [3.0] [cxt 0] Parser 'parser' entering state 'start'
[22:20:11.282] [bmv2] [D] [thread 14900] [3.0] [cxt 0] Extracting header 'ethernet'
[22:20:11.282] [bmv2] [D] [thread 14900] [3.0] [cxt 0] Parser state 'start': key is 86dd
[22:20:11.282] [bmv2] [T] [thread 14900] [3.0] [cxt 0] Bytes parsed: 14
[22:20:11.282] [bmv2] [D] [thread 14900] [3.0] [cxt 0] Parser 'parser': end
[22:20:11.282] [bmv2] [D] [thread 14900] [3.0] [cxt 0] Pipeline 'ingress': start
[22:20:11.282] [bmv2] [T] [thread 14900] [3.0] [cxt 0] basic.p4(114) Condition "hdr.ipv4.isValid()" (node_2) is false
[22:20:11.282] [bmv2] [D] [thread 14900] [3.0] [cxt 0] Pipeline 'ingress': end
[22:20:11.282] [bmv2] [D] [thread 14900] [3.0] [cxt 0] Egress port is 0
[22:20:11.282] [bmv2] [D] [thread 14901] [3.0] [cxt 0] Pipeline 'egress': start
[22:20:11.282] [bmv2] [D] [thread 14901] [3.0] [cxt 0] Pipeline 'egress': end
[22:20:11.282] [bmv2] [D] [thread 14901] [3.0] [cxt 0] Deparser 'deparser': start
[22:20:11.282] [bmv2] [T] [thread 14901] [3.0] [cxt 0] Skipping checksum 'cksum' update because condition not met
[22:20:11.282] [bmv2] [D] [thread 14901] [3.0] [cxt 0] Deparsing header 'ethernet'
[22:20:11.282] [bmv2] [D] [thread 14901] [3.0] [cxt 0] Deparser 'deparser': end
[22:20:11.282] [bmv2] [D] [thread 14905] [3.0] [cxt 0] Transmitting packet of size 212 out of port 0
[22:20:11.317] [bmv2] [D] [thread 14900] [4.0] [cxt 0] Processing packet received on port 2
[22:20:11.317] [bmv2] [D] [thread 14900] [4.0] [cxt 0] Parser 'parser': start
[22:20:11.317] [bmv2] [D] [thread 14900] [4.0] [cxt 0] Parser 'parser' entering state 'start'
[22:20:11.317] [bmv2] [D] [thread 14900] [4.0] [cxt 0] Extracting header 'ethernet'
[22:20:11.317] [bmv2] [D] [thread 14900] [4.0] [cxt 0] Parser state 'start': key is 86dd
[22:20:11.317] [bmv2] [T] [thread 14900] [4.0] [cxt 0] Bytes parsed: 14
[22:20:11.317] [bmv2] [D] [thread 14900] [4.0] [cxt 0] Parser 'parser': end
[22:20:11.317] [bmv2] [D] [thread 14900] [4.0] [cxt 0] Pipeline 'ingress': start
[22:20:11.317] [bmv2] [T] [thread 14900] [4.0] [cxt 0] basic.p4(114) Condition "hdr.ipv4.isValid()" (node_2) is false
[22:20:11.317] [bmv2] [D] [thread 14900] [4.0] [cxt 0] Pipeline 'ingress': end
[22:20:11.317] [bmv2] [D] [thread 14900] [4.0] [cxt 0] Egress port is 0
[22:20:11.317] [bmv2] [D] [thread 14901] [4.0] [cxt 0] Pipeline 'egress': start
[22:20:11.317] [bmv2] [D] [thread 14901] [4.0] [cxt 0] Pipeline 'egress': end
[22:20:11.317] [bmv2] [D] [thread 14901] [4.0] [cxt 0] Deparser 'deparser': start
[22:20:11.317] [bmv2] [T] [thread 14901] [4.0] [cxt 0] Skipping checksum 'cksum' update because condition not met
[22:20:11.317] [bmv2] [D] [thread 14901] [4.0] [cxt 0] Deparsing header 'ethernet'
[22:20:11.317] [bmv2] [D] [thread 14901] [4.0] [cxt 0] Deparser 'deparser': end
[22:20:11.317] [bmv2] [D] [thread 14905] [4.0] [cxt 0] Transmitting packet of size 212 out of port 0
[22:20:11.511] [bmv2] [D] [thread 14900] [5.0] [cxt 0] Processing packet received on port 2
[22:20:11.511] [bmv2] [D] [thread 14900] [5.0] [cxt 0] Parser 'parser': start
[22:20:11.511] [bmv2] [D] [thread 14900] [5.0] [cxt 0] Parser 'parser' entering state 'start'
[22:20:11.511] [bmv2] [D] [thread 14900] [5.0] [cxt 0] Extracting header 'ethernet'
[22:20:11.511] [bmv2] [D] [thread 14900] [5.0] [cxt 0] Parser state 'start': key is 86dd
[22:20:11.511] [bmv2] [T] [thread 14900] [5.0] [cxt 0] Bytes parsed: 14
[22:20:11.511] [bmv2] [D] [thread 14900] [5.0] [cxt 0] Parser 'parser': end
[22:20:11.511] [bmv2] [D] [thread 14900] [5.0] [cxt 0] Pipeline 'ingress': start
[22:20:11.511] [bmv2] [T] [thread 14900] [5.0] [cxt 0] basic.p4(114) Condition "hdr.ipv4.isValid()" (node_2) is false
[22:20:11.511] [bmv2] [D] [thread 14900] [5.0] [cxt 0] Pipeline 'ingress': end
[22:20:11.511] [bmv2] [D] [thread 14900] [5.0] [cxt 0] Egress port is 0
[22:20:11.511] [bmv2] [D] [thread 14901] [5.0] [cxt 0] Pipeline 'egress': start
[22:20:11.511] [bmv2] [D] [thread 14901] [5.0] [cxt 0] Pipeline 'egress': end
[22:20:11.511] [bmv2] [D] [thread 14901] [5.0] [cxt 0] Deparser 'deparser': start
[22:20:11.511] [bmv2] [T] [thread 14901] [5.0] [cxt 0] Skipping checksum 'cksum' update because condition not met
[22:20:11.511] [bmv2] [D] [thread 14901] [5.0] [cxt 0] Deparsing header 'ethernet'
[22:20:11.511] [bmv2] [D] [thread 14901] [5.0] [cxt 0] Deparser 'deparser': end
[22:20:11.511] [bmv2] [D] [thread 14905] [5.0] [cxt 0] Transmitting packet of size 212 out of port 0
[22:20:11.629] [bmv2] [W] [thread 14951] [P4Runtime] p4::tmp::P4DeviceConfig is deprecated
[22:20:11.636] [bmv2] [D] [thread 14951] Set default default entry for table 'MyIngress.ipv4_lpm': MyIngress.drop - 
[22:20:11.636] [bmv2] [D] [thread 14951] simple_switch target has been notified of a config swap
[22:20:11.644] [bmv2] [D] [thread 14952] Set default entry for table 'MyIngress.ipv4_lpm': MyIngress.drop - 
[22:20:11.645] [bmv2] [D] [thread 14952] Entry 0 added to table 'MyIngress.ipv4_lpm'
[22:20:11.645] [bmv2] [D] [thread 14952] Dumping entry 0
Match key:
* hdr.ipv4.dstAddr    : LPM       0a000101/32
Action entry: MyIngress.ipv4_forward - 80000000100,2,

[22:20:11.647] [bmv2] [D] [thread 14952] Entry 1 added to table 'MyIngress.ipv4_lpm'
[22:20:11.647] [bmv2] [D] [thread 14952] Dumping entry 1
Match key:
* hdr.ipv4.dstAddr    : LPM       0a000202/32
Action entry: MyIngress.ipv4_forward - 80000000100,2,

[22:20:11.648] [bmv2] [D] [thread 14952] Entry 2 added to table 'MyIngress.ipv4_lpm'
[22:20:11.648] [bmv2] [D] [thread 14952] Dumping entry 2
Match key:
* hdr.ipv4.dstAddr    : LPM       0a000303/32
Action entry: MyIngress.ipv4_forward - 80000000200,1,

[22:20:11.648] [bmv2] [D] [thread 14957] Entry 3 added to table 'MyIngress.ipv4_lpm'
[22:20:11.648] [bmv2] [D] [thread 14957] Dumping entry 3
Match key:
* hdr.ipv4.dstAddr    : LPM       0a000404/32
Action entry: MyIngress.ipv4_forward - 80000000200,1,

[22:20:12.456] [bmv2] [D] [thread 14900] [6.0] [cxt 0] Processing packet received on port 1
[22:20:12.456] [bmv2] [D] [thread 14900] [6.0] [cxt 0] Parser 'parser': start
[22:20:12.456] [bmv2] [D] [thread 14900] [6.0] [cxt 0] Parser 'parser' entering state 'start'
[22:20:12.456] [bmv2] [D] [thread 14900] [6.0] [cxt 0] Extracting header 'ethernet'
[22:20:12.456] [bmv2] [D] [thread 14900] [6.0] [cxt 0] Parser state 'start': key is 86dd
[22:20:12.456] [bmv2] [T] [thread 14900] [6.0] [cxt 0] Bytes parsed: 14
[22:20:12.456] [bmv2] [D] [thread 14900] [6.0] [cxt 0] Parser 'parser': end
[22:20:12.456] [bmv2] [D] [thread 14900] [6.0] [cxt 0] Pipeline 'ingress': start
[22:20:12.456] [bmv2] [T] [thread 14900] [6.0] [cxt 0] basic.p4(114) Condition "hdr.ipv4.isValid()" (node_2) is false
[22:20:12.456] [bmv2] [D] [thread 14900] [6.0] [cxt 0] Pipeline 'ingress': end
[22:20:12.456] [bmv2] [D] [thread 14900] [6.0] [cxt 0] Egress port is 0
[22:20:12.456] [bmv2] [D] [thread 14901] [6.0] [cxt 0] Pipeline 'egress': start
[22:20:12.456] [bmv2] [D] [thread 14901] [6.0] [cxt 0] Pipeline 'egress': end
[22:20:12.456] [bmv2] [D] [thread 14901] [6.0] [cxt 0] Deparser 'deparser': start
[22:20:12.456] [bmv2] [T] [thread 14901] [6.0] [cxt 0] Skipping checksum 'cksum' update because condition not met
[22:20:12.456] [bmv2] [D] [thread 14901] [6.0] [cxt 0] Deparsing header 'ethernet'
[22:20:12.456] [bmv2] [D] [thread 14901] [6.0] [cxt 0] Deparser 'deparser': end
[22:20:12.456] [bmv2] [D] [thread 14905] [6.0] [cxt 0] Transmitting packet of size 107 out of port 0
[22:20:12.617] [bmv2] [D] [thread 14900] [7.0] [cxt 0] Processing packet received on port 2
[22:20:12.617] [bmv2] [D] [thread 14900] [7.0] [cxt 0] Parser 'parser': start
[22:20:12.617] [bmv2] [D] [thread 14900] [7.0] [cxt 0] Parser 'parser' entering state 'start'
[22:20:12.617] [bmv2] [D] [thread 14900] [7.0] [cxt 0] Extracting header 'ethernet'
[22:20:12.617] [bmv2] [D] [thread 14900] [7.0] [cxt 0] Parser state 'start': key is 86dd
[22:20:12.617] [bmv2] [T] [thread 14900] [7.0] [cxt 0] Bytes parsed: 14
[22:20:12.617] [bmv2] [D] [thread 14900] [7.0] [cxt 0] Parser 'parser': end
[22:20:12.617] [bmv2] [D] [thread 14900] [7.0] [cxt 0] Pipeline 'ingress': start
[22:20:12.617] [bmv2] [T] [thread 14900] [7.0] [cxt 0] basic.p4(114) Condition "hdr.ipv4.isValid()" (node_2) is false
[22:20:12.617] [bmv2] [D] [thread 14900] [7.0] [cxt 0] Pipeline 'ingress': end
[22:20:12.617] [bmv2] [D] [thread 14900] [7.0] [cxt 0] Egress port is 0
[22:20:12.617] [bmv2] [D] [thread 14901] [7.0] [cxt 0] Pipeline 'egress': start
[22:20:12.617] [bmv2] [D] [thread 14901] [7.0] [cxt 0] Pipeline 'egress': end
[22:20:12.617] [bmv2] [D] [thread 14901] [7.0] [cxt 0] Deparser 'deparser': start
[22:20:12.617] [bmv2] [T] [thread 14901] [7.0] [cxt 0] Skipping checksum 'cksum' update because condition not met
[22:20:12.617] [bmv2] [D] [thread 14901] [7.0] [cxt 0] Deparsing header 'ethernet'
[22:20:12.617] [bmv2] [D] [thread 14901] [7.0] [cxt 0] Deparser 'deparser': end
[22:20:12.617] [bmv2] [D] [thread 14905] [7.0] [cxt 0] Transmitting packet of size 107 out of port 0
[22:20:13.181] [bmv2] [D] [thread 14900] [8.0] [cxt 0] Processing packet received on port 1
[22:20:13.181] [bmv2] [D] [thread 14900] [8.0] [cxt 0] Parser 'parser': start
[22:20:13.181] [bmv2] [D] [thread 14900] [8.0] [cxt 0] Parser 'parser' entering state 'start'
[22:20:13.181] [bmv2] [D] [thread 14900] [8.0] [cxt 0] Extracting header 'ethernet'
[22:20:13.181] [bmv2] [D] [thread 14900] [8.0] [cxt 0] Parser state 'start': key is 86dd
[22:20:13.181] [bmv2] [T] [thread 14900] [8.0] [cxt 0] Bytes parsed: 14
[22:20:13.181] [bmv2] [D] [thread 14900] [8.0] [cxt 0] Parser 'parser': end
[22:20:13.181] [bmv2] [D] [thread 14900] [8.0] [cxt 0] Pipeline 'ingress': start
[22:20:13.181] [bmv2] [T] [thread 14900] [8.0] [cxt 0] basic.p4(114) Condition "hdr.ipv4.isValid()" (node_2) is false
[22:20:13.181] [bmv2] [D] [thread 14900] [8.0] [cxt 0] Pipeline 'ingress': end
[22:20:13.181] [bmv2] [D] [thread 14900] [8.0] [cxt 0] Egress port is 0
[22:20:13.181] [bmv2] [D] [thread 14901] [8.0] [cxt 0] Pipeline 'egress': start
[22:20:13.181] [bmv2] [D] [thread 14901] [8.0] [cxt 0] Pipeline 'egress': end
[22:20:13.181] [bmv2] [D] [thread 14901] [8.0] [cxt 0] Deparser 'deparser': start
[22:20:13.181] [bmv2] [T] [thread 14901] [8.0] [cxt 0] Skipping checksum 'cksum' update because condition not met
[22:20:13.181] [bmv2] [D] [thread 14901] [8.0] [cxt 0] Deparsing header 'ethernet'
[22:20:13.181] [bmv2] [D] [thread 14901] [8.0] [cxt 0] Deparser 'deparser': end
[22:20:13.182] [bmv2] [D] [thread 14905] [8.0] [cxt 0] Transmitting packet of size 212 out of port 0
[22:20:13.307] [bmv2] [D] [thread 14900] [9.0] [cxt 0] Processing packet received on port 1
[22:20:13.307] [bmv2] [D] [thread 14900] [9.0] [cxt 0] Parser 'parser': start
[22:20:13.307] [bmv2] [D] [thread 14900] [9.0] [cxt 0] Parser 'parser' entering state 'start'
[22:20:13.307] [bmv2] [D] [thread 14900] [9.0] [cxt 0] Extracting header 'ethernet'
[22:20:13.307] [bmv2] [D] [thread 14900] [9.0] [cxt 0] Parser state 'start': key is 86dd
[22:20:13.307] [bmv2] [T] [thread 14900] [9.0] [cxt 0] Bytes parsed: 14
[22:20:13.307] [bmv2] [D] [thread 14900] [9.0] [cxt 0] Parser 'parser': end
[22:20:13.307] [bmv2] [D] [thread 14900] [9.0] [cxt 0] Pipeline 'ingress': start
[22:20:13.307] [bmv2] [T] [thread 14900] [9.0] [cxt 0] basic.p4(114) Condition "hdr.ipv4.isValid()" (node_2) is false
[22:20:13.307] [bmv2] [D] [thread 14900] [9.0] [cxt 0] Pipeline 'ingress': end
[22:20:13.307] [bmv2] [D] [thread 14900] [9.0] [cxt 0] Egress port is 0
[22:20:13.307] [bmv2] [D] [thread 14901] [9.0] [cxt 0] Pipeline 'egress': start
[22:20:13.307] [bmv2] [D] [thread 14901] [9.0] [cxt 0] Pipeline 'egress': end
[22:20:13.307] [bmv2] [D] [thread 14901] [9.0] [cxt 0] Deparser 'deparser': start
[22:20:13.307] [bmv2] [T] [thread 14901] [9.0] [cxt 0] Skipping checksum 'cksum' update because condition not met
[22:20:13.307] [bmv2] [D] [thread 14901] [9.0] [cxt 0] Deparsing header 'ethernet'
[22:20:13.307] [bmv2] [D] [thread 14901] [9.0] [cxt 0] Deparser 'deparser': end
[22:20:13.307] [bmv2] [D] [thread 14905] [9.0] [cxt 0] Transmitting packet of size 212 out of port 0
[22:20:13.342] [bmv2] [D] [thread 14900] [10.0] [cxt 0] Processing packet received on port 2
[22:20:13.342] [bmv2] [D] [thread 14900] [10.0] [cxt 0] Parser 'parser': start
[22:20:13.342] [bmv2] [D] [thread 14900] [10.0] [cxt 0] Parser 'parser' entering state 'start'
[22:20:13.342] [bmv2] [D] [thread 14900] [10.0] [cxt 0] Extracting header 'ethernet'
[22:20:13.342] [bmv2] [D] [thread 14900] [10.0] [cxt 0] Parser state 'start': key is 86dd
[22:20:13.342] [bmv2] [T] [thread 14900] [10.0] [cxt 0] Bytes parsed: 14
[22:20:13.342] [bmv2] [D] [thread 14900] [10.0] [cxt 0] Parser 'parser': end
[22:20:13.342] [bmv2] [D] [thread 14900] [10.0] [cxt 0] Pipeline 'ingress': start
[22:20:13.342] [bmv2] [T] [thread 14900] [10.0] [cxt 0] basic.p4(114) Condition "hdr.ipv4.isValid()" (node_2) is false
[22:20:13.342] [bmv2] [D] [thread 14900] [10.0] [cxt 0] Pipeline 'ingress': end
[22:20:13.342] [bmv2] [D] [thread 14900] [10.0] [cxt 0] Egress port is 0
[22:20:13.343] [bmv2] [D] [thread 14901] [10.0] [cxt 0] Pipeline 'egress': start
[22:20:13.343] [bmv2] [D] [thread 14901] [10.0] [cxt 0] Pipeline 'egress': end
[22:20:13.343] [bmv2] [D] [thread 14901] [10.0] [cxt 0] Deparser 'deparser': start
[22:20:13.343] [bmv2] [T] [thread 14901] [10.0] [cxt 0] Skipping checksum 'cksum' update because condition not met
[22:20:13.343] [bmv2] [D] [thread 14901] [10.0] [cxt 0] Deparsing header 'ethernet'
[22:20:13.343] [bmv2] [D] [thread 14901] [10.0] [cxt 0] Deparser 'deparser': end
[22:20:13.343] [bmv2] [D] [thread 14905] [10.0] [cxt 0] Transmitting packet of size 212 out of port 0
[22:20:13.415] [bmv2] [D] [thread 14900] [11.0] [cxt 0] Processing packet received on port 1
[22:20:13.415] [bmv2] [D] [thread 14900] [11.0] [cxt 0] Parser 'parser': start
[22:20:13.415] [bmv2] [D] [thread 14900] [11.0] [cxt 0] Parser 'parser' entering state 'start'
[22:20:13.415] [bmv2] [D] [thread 14900] [11.0] [cxt 0] Extracting header 'ethernet'
[22:20:13.415] [bmv2] [D] [thread 14900] [11.0] [cxt 0] Parser state 'start': key is 86dd
[22:20:13.415] [bmv2] [T] [thread 14900] [11.0] [cxt 0] Bytes parsed: 14
[22:20:13.415] [bmv2] [D] [thread 14900] [11.0] [cxt 0] Parser 'parser': end
[22:20:13.415] [bmv2] [D] [thread 14900] [11.0] [cxt 0] Pipeline 'ingress': start
[22:20:13.415] [bmv2] [T] [thread 14900] [11.0] [cxt 0] basic.p4(114) Condition "hdr.ipv4.isValid()" (node_2) is false
[22:20:13.415] [bmv2] [D] [thread 14900] [11.0] [cxt 0] Pipeline 'ingress': end
[22:20:13.415] [bmv2] [D] [thread 14900] [11.0] [cxt 0] Egress port is 0
[22:20:13.415] [bmv2] [D] [thread 14900] [12.0] [cxt 0] Processing packet received on port 2
[22:20:13.415] [bmv2] [D] [thread 14900] [12.0] [cxt 0] Parser 'parser': start
[22:20:13.415] [bmv2] [D] [thread 14900] [12.0] [cxt 0] Parser 'parser' entering state 'start'
[22:20:13.415] [bmv2] [D] [thread 14900] [12.0] [cxt 0] Extracting header 'ethernet'
[22:20:13.415] [bmv2] [D] [thread 14900] [12.0] [cxt 0] Parser state 'start': key is 86dd
[22:20:13.415] [bmv2] [T] [thread 14900] [12.0] [cxt 0] Bytes parsed: 14
[22:20:13.415] [bmv2] [D] [thread 14900] [12.0] [cxt 0] Parser 'parser': end
[22:20:13.415] [bmv2] [D] [thread 14900] [12.0] [cxt 0] Pipeline 'ingress': start
[22:20:13.415] [bmv2] [T] [thread 14900] [12.0] [cxt 0] basic.p4(114) Condition "hdr.ipv4.isValid()" (node_2) is false
[22:20:13.415] [bmv2] [D] [thread 14900] [12.0] [cxt 0] Pipeline 'ingress': end
[22:20:13.415] [bmv2] [D] [thread 14900] [12.0] [cxt 0] Egress port is 0
[22:20:13.415] [bmv2] [D] [thread 14900] [13.0] [cxt 0] Processing packet received on port 1
[22:20:13.415] [bmv2] [D] [thread 14900] [13.0] [cxt 0] Parser 'parser': start
[22:20:13.415] [bmv2] [D] [thread 14900] [13.0] [cxt 0] Parser 'parser' entering state 'start'
[22:20:13.415] [bmv2] [D] [thread 14900] [13.0] [cxt 0] Extracting header 'ethernet'
[22:20:13.415] [bmv2] [D] [thread 14900] [13.0] [cxt 0] Parser state 'start': key is 86dd
[22:20:13.415] [bmv2] [T] [thread 14900] [13.0] [cxt 0] Bytes parsed: 14
[22:20:13.415] [bmv2] [D] [thread 14900] [13.0] [cxt 0] Parser 'parser': end
[22:20:13.415] [bmv2] [D] [thread 14900] [13.0] [cxt 0] Pipeline 'ingress': start
[22:20:13.415] [bmv2] [T] [thread 14900] [13.0] [cxt 0] basic.p4(114) Condition "hdr.ipv4.isValid()" (node_2) is false
[22:20:13.415] [bmv2] [D] [thread 14900] [13.0] [cxt 0] Pipeline 'ingress': end
[22:20:13.415] [bmv2] [D] [thread 14900] [13.0] [cxt 0] Egress port is 0
[22:20:13.415] [bmv2] [D] [thread 14901] [11.0] [cxt 0] Pipeline 'egress': start
[22:20:13.415] [bmv2] [D] [thread 14901] [11.0] [cxt 0] Pipeline 'egress': end
[22:20:13.415] [bmv2] [D] [thread 14901] [11.0] [cxt 0] Deparser 'deparser': start
[22:20:13.415] [bmv2] [T] [thread 14901] [11.0] [cxt 0] Skipping checksum 'cksum' update because condition not met
[22:20:13.415] [bmv2] [D] [thread 14901] [11.0] [cxt 0] Deparsing header 'ethernet'
[22:20:13.415] [bmv2] [D] [thread 14901] [11.0] [cxt 0] Deparser 'deparser': end
[22:20:13.415] [bmv2] [D] [thread 14901] [12.0] [cxt 0] Pipeline 'egress': start
[22:20:13.415] [bmv2] [D] [thread 14901] [12.0] [cxt 0] Pipeline 'egress': end
[22:20:13.415] [bmv2] [D] [thread 14901] [12.0] [cxt 0] Deparser 'deparser': start
[22:20:13.415] [bmv2] [T] [thread 14901] [12.0] [cxt 0] Skipping checksum 'cksum' update because condition not met
[22:20:13.415] [bmv2] [D] [thread 14901] [12.0] [cxt 0] Deparsing header 'ethernet'
[22:20:13.415] [bmv2] [D] [thread 14901] [12.0] [cxt 0] Deparser 'deparser': end
[22:20:13.415] [bmv2] [D] [thread 14901] [13.0] [cxt 0] Pipeline 'egress': start
[22:20:13.415] [bmv2] [D] [thread 14901] [13.0] [cxt 0] Pipeline 'egress': end
[22:20:13.415] [bmv2] [D] [thread 14901] [13.0] [cxt 0] Deparser 'deparser': start
[22:20:13.415] [bmv2] [T] [thread 14901] [13.0] [cxt 0] Skipping checksum 'cksum' update because condition not met
[22:20:13.415] [bmv2] [D] [thread 14901] [13.0] [cxt 0] Deparsing header 'ethernet'
[22:20:13.415] [bmv2] [D] [thread 14901] [13.0] [cxt 0] Deparser 'deparser': end
[22:20:13.415] [bmv2] [D] [thread 14905] [11.0] [cxt 0] Transmitting packet of size 70 out of port 0
[22:20:13.415] [bmv2] [D] [thread 14905] [12.0] [cxt 0] Transmitting packet of size 70 out of port 0
[22:20:13.415] [bmv2] [D] [thread 14905] [13.0] [cxt 0] Transmitting packet of size 70 out of port 0
[22:20:13.535] [bmv2] [D] [thread 14900] [14.0] [cxt 0] Processing packet received on port 2
[22:20:13.535] [bmv2] [D] [thread 14900] [14.0] [cxt 0] Parser 'parser': start
[22:20:13.535] [bmv2] [D] [thread 14900] [14.0] [cxt 0] Parser 'parser' entering state 'start'
[22:20:13.535] [bmv2] [D] [thread 14900] [14.0] [cxt 0] Extracting header 'ethernet'
[22:20:13.535] [bmv2] [D] [thread 14900] [14.0] [cxt 0] Parser state 'start': key is 86dd
[22:20:13.535] [bmv2] [T] [thread 14900] [14.0] [cxt 0] Bytes parsed: 14
[22:20:13.535] [bmv2] [D] [thread 14900] [14.0] [cxt 0] Parser 'parser': end
[22:20:13.535] [bmv2] [D] [thread 14900] [14.0] [cxt 0] Pipeline 'ingress': start
[22:20:13.535] [bmv2] [T] [thread 14900] [14.0] [cxt 0] basic.p4(114) Condition "hdr.ipv4.isValid()" (node_2) is false
[22:20:13.535] [bmv2] [D] [thread 14900] [14.0] [cxt 0] Pipeline 'ingress': end
[22:20:13.535] [bmv2] [D] [thread 14900] [14.0] [cxt 0] Egress port is 0
[22:20:13.535] [bmv2] [D] [thread 14901] [14.0] [cxt 0] Pipeline 'egress': start
[22:20:13.535] [bmv2] [D] [thread 14901] [14.0] [cxt 0] Pipeline 'egress': end
[22:20:13.535] [bmv2] [D] [thread 14901] [14.0] [cxt 0] Deparser 'deparser': start
[22:20:13.535] [bmv2] [T] [thread 14901] [14.0] [cxt 0] Skipping checksum 'cksum' update because condition not met
[22:20:13.535] [bmv2] [D] [thread 14901] [14.0] [cxt 0] Deparsing header 'ethernet'
[22:20:13.535] [bmv2] [D] [thread 14901] [14.0] [cxt 0] Deparser 'deparser': end
[22:20:13.535] [bmv2] [D] [thread 14905] [14.0] [cxt 0] Transmitting packet of size 212 out of port 0
[22:20:13.927] [bmv2] [D] [thread 14900] [15.0] [cxt 0] Processing packet received on port 2
[22:20:13.927] [bmv2] [D] [thread 14900] [15.0] [cxt 0] Parser 'parser': start
[22:20:13.927] [bmv2] [D] [thread 14900] [15.0] [cxt 0] Parser 'parser' entering state 'start'
[22:20:13.927] [bmv2] [D] [thread 14900] [15.0] [cxt 0] Extracting header 'ethernet'
[22:20:13.927] [bmv2] [D] [thread 14900] [15.0] [cxt 0] Parser state 'start': key is 86dd
[22:20:13.927] [bmv2] [T] [thread 14900] [15.0] [cxt 0] Bytes parsed: 14
[22:20:13.927] [bmv2] [D] [thread 14900] [15.0] [cxt 0] Parser 'parser': end
[22:20:13.927] [bmv2] [D] [thread 14900] [15.0] [cxt 0] Pipeline 'ingress': start
[22:20:13.927] [bmv2] [T] [thread 14900] [15.0] [cxt 0] basic.p4(114) Condition "hdr.ipv4.isValid()" (node_2) is false
[22:20:13.927] [bmv2] [D] [thread 14900] [15.0] [cxt 0] Pipeline 'ingress': end
[22:20:13.927] [bmv2] [D] [thread 14900] [15.0] [cxt 0] Egress port is 0
[22:20:13.927] [bmv2] [D] [thread 14901] [15.0] [cxt 0] Pipeline 'egress': start
[22:20:13.927] [bmv2] [D] [thread 14901] [15.0] [cxt 0] Pipeline 'egress': end
[22:20:13.928] [bmv2] [D] [thread 14901] [15.0] [cxt 0] Deparser 'deparser': start
[22:20:13.928] [bmv2] [T] [thread 14901] [15.0] [cxt 0] Skipping checksum 'cksum' update because condition not met
[22:20:13.928] [bmv2] [D] [thread 14901] [15.0] [cxt 0] Deparsing header 'ethernet'
[22:20:13.928] [bmv2] [D] [thread 14901] [15.0] [cxt 0] Deparser 'deparser': end
[22:20:13.928] [bmv2] [D] [thread 14905] [15.0] [cxt 0] Transmitting packet of size 70 out of port 0
[22:20:16.457] [bmv2] [D] [thread 14900] [16.0] [cxt 0] Processing packet received on port 1
[22:20:16.457] [bmv2] [D] [thread 14900] [16.0] [cxt 0] Parser 'parser': start
[22:20:16.457] [bmv2] [D] [thread 14900] [16.0] [cxt 0] Parser 'parser' entering state 'start'
[22:20:16.457] [bmv2] [D] [thread 14900] [16.0] [cxt 0] Extracting header 'ethernet'
[22:20:16.457] [bmv2] [D] [thread 14900] [16.0] [cxt 0] Parser state 'start': key is 86dd
[22:20:16.457] [bmv2] [T] [thread 14900] [16.0] [cxt 0] Bytes parsed: 14
[22:20:16.457] [bmv2] [D] [thread 14900] [16.0] [cxt 0] Parser 'parser': end
[22:20:16.457] [bmv2] [D] [thread 14900] [16.0] [cxt 0] Pipeline 'ingress': start
[22:20:16.457] [bmv2] [T] [thread 14900] [16.0] [cxt 0] basic.p4(114) Condition "hdr.ipv4.isValid()" (node_2) is false
[22:20:16.457] [bmv2] [D] [thread 14900] [16.0] [cxt 0] Pipeline 'ingress': end
[22:20:16.457] [bmv2] [D] [thread 14900] [16.0] [cxt 0] Egress port is 0
[22:20:16.457] [bmv2] [D] [thread 14901] [16.0] [cxt 0] Pipeline 'egress': start
[22:20:16.457] [bmv2] [D] [thread 14901] [16.0] [cxt 0] Pipeline 'egress': end
[22:20:16.457] [bmv2] [D] [thread 14901] [16.0] [cxt 0] Deparser 'deparser': start
[22:20:16.457] [bmv2] [T] [thread 14901] [16.0] [cxt 0] Skipping checksum 'cksum' update because condition not met
[22:20:16.457] [bmv2] [D] [thread 14901] [16.0] [cxt 0] Deparsing header 'ethernet'
[22:20:16.457] [bmv2] [D] [thread 14901] [16.0] [cxt 0] Deparser 'deparser': end
[22:20:16.457] [bmv2] [D] [thread 14905] [16.0] [cxt 0] Transmitting packet of size 107 out of port 0
[22:20:16.618] [bmv2] [D] [thread 14900] [17.0] [cxt 0] Processing packet received on port 2
[22:20:16.618] [bmv2] [D] [thread 14900] [17.0] [cxt 0] Parser 'parser': start
[22:20:16.618] [bmv2] [D] [thread 14900] [17.0] [cxt 0] Parser 'parser' entering state 'start'
[22:20:16.618] [bmv2] [D] [thread 14900] [17.0] [cxt 0] Extracting header 'ethernet'
[22:20:16.618] [bmv2] [D] [thread 14900] [17.0] [cxt 0] Parser state 'start': key is 86dd
[22:20:16.618] [bmv2] [T] [thread 14900] [17.0] [cxt 0] Bytes parsed: 14
[22:20:16.618] [bmv2] [D] [thread 14900] [17.0] [cxt 0] Parser 'parser': end
[22:20:16.618] [bmv2] [D] [thread 14900] [17.0] [cxt 0] Pipeline 'ingress': start
[22:20:16.618] [bmv2] [T] [thread 14900] [17.0] [cxt 0] basic.p4(114) Condition "hdr.ipv4.isValid()" (node_2) is false
[22:20:16.618] [bmv2] [D] [thread 14900] [17.0] [cxt 0] Pipeline 'ingress': end
[22:20:16.618] [bmv2] [D] [thread 14900] [17.0] [cxt 0] Egress port is 0
[22:20:16.619] [bmv2] [D] [thread 14901] [17.0] [cxt 0] Pipeline 'egress': start
[22:20:16.619] [bmv2] [D] [thread 14901] [17.0] [cxt 0] Pipeline 'egress': end
[22:20:16.619] [bmv2] [D] [thread 14901] [17.0] [cxt 0] Deparser 'deparser': start
[22:20:16.619] [bmv2] [T] [thread 14901] [17.0] [cxt 0] Skipping checksum 'cksum' update because condition not met
[22:20:16.619] [bmv2] [D] [thread 14901] [17.0] [cxt 0] Deparsing header 'ethernet'
[22:20:16.619] [bmv2] [D] [thread 14901] [17.0] [cxt 0] Deparser 'deparser': end
[22:20:16.619] [bmv2] [D] [thread 14905] [17.0] [cxt 0] Transmitting packet of size 107 out of port 0
[22:20:20.583] [bmv2] [D] [thread 14900] [18.0] [cxt 0] Processing packet received on port 1
[22:20:20.583] [bmv2] [D] [thread 14900] [18.0] [cxt 0] Parser 'parser': start
[22:20:20.583] [bmv2] [D] [thread 14900] [18.0] [cxt 0] Parser 'parser' entering state 'start'
[22:20:20.583] [bmv2] [D] [thread 14900] [18.0] [cxt 0] Extracting header 'ethernet'
[22:20:20.583] [bmv2] [D] [thread 14900] [18.0] [cxt 0] Parser state 'start': key is 86dd
[22:20:20.583] [bmv2] [T] [thread 14900] [18.0] [cxt 0] Bytes parsed: 14
[22:20:20.583] [bmv2] [D] [thread 14900] [18.0] [cxt 0] Parser 'parser': end
[22:20:20.583] [bmv2] [D] [thread 14900] [18.0] [cxt 0] Pipeline 'ingress': start
[22:20:20.583] [bmv2] [T] [thread 14900] [18.0] [cxt 0] basic.p4(114) Condition "hdr.ipv4.isValid()" (node_2) is false
[22:20:20.583] [bmv2] [D] [thread 14900] [18.0] [cxt 0] Pipeline 'ingress': end
[22:20:20.583] [bmv2] [D] [thread 14900] [18.0] [cxt 0] Egress port is 0
[22:20:20.583] [bmv2] [D] [thread 14901] [18.0] [cxt 0] Pipeline 'egress': start
[22:20:20.583] [bmv2] [D] [thread 14901] [18.0] [cxt 0] Pipeline 'egress': end
[22:20:20.583] [bmv2] [D] [thread 14901] [18.0] [cxt 0] Deparser 'deparser': start
[22:20:20.583] [bmv2] [T] [thread 14901] [18.0] [cxt 0] Skipping checksum 'cksum' update because condition not met
[22:20:20.583] [bmv2] [D] [thread 14901] [18.0] [cxt 0] Deparsing header 'ethernet'
[22:20:20.583] [bmv2] [D] [thread 14901] [18.0] [cxt 0] Deparser 'deparser': end
[22:20:20.583] [bmv2] [D] [thread 14905] [18.0] [cxt 0] Transmitting packet of size 70 out of port 0
[22:20:20.840] [bmv2] [D] [thread 14900] [19.0] [cxt 0] Processing packet received on port 2
[22:20:20.840] [bmv2] [D] [thread 14900] [19.0] [cxt 0] Parser 'parser': start
[22:20:20.840] [bmv2] [D] [thread 14900] [19.0] [cxt 0] Parser 'parser' entering state 'start'
[22:20:20.840] [bmv2] [D] [thread 14900] [19.0] [cxt 0] Extracting header 'ethernet'
[22:20:20.840] [bmv2] [D] [thread 14900] [19.0] [cxt 0] Parser state 'start': key is 86dd
[22:20:20.840] [bmv2] [T] [thread 14900] [19.0] [cxt 0] Bytes parsed: 14
[22:20:20.840] [bmv2] [D] [thread 14900] [19.0] [cxt 0] Parser 'parser': end
[22:20:20.840] [bmv2] [D] [thread 14900] [19.0] [cxt 0] Pipeline 'ingress': start
[22:20:20.840] [bmv2] [T] [thread 14900] [19.0] [cxt 0] basic.p4(114) Condition "hdr.ipv4.isValid()" (node_2) is false
[22:20:20.840] [bmv2] [D] [thread 14900] [19.0] [cxt 0] Pipeline 'ingress': end
[22:20:20.840] [bmv2] [D] [thread 14900] [19.0] [cxt 0] Egress port is 0
[22:20:20.840] [bmv2] [D] [thread 14901] [19.0] [cxt 0] Pipeline 'egress': start
[22:20:20.840] [bmv2] [D] [thread 14901] [19.0] [cxt 0] Pipeline 'egress': end
[22:20:20.840] [bmv2] [D] [thread 14901] [19.0] [cxt 0] Deparser 'deparser': start
[22:20:20.840] [bmv2] [T] [thread 14901] [19.0] [cxt 0] Skipping checksum 'cksum' update because condition not met
[22:20:20.840] [bmv2] [D] [thread 14901] [19.0] [cxt 0] Deparsing header 'ethernet'
[22:20:20.840] [bmv2] [D] [thread 14901] [19.0] [cxt 0] Deparser 'deparser': end
[22:20:20.840] [bmv2] [D] [thread 14905] [19.0] [cxt 0] Transmitting packet of size 70 out of port 0
[22:20:21.351] [bmv2] [D] [thread 14900] [20.0] [cxt 0] Processing packet received on port 1
[22:20:21.351] [bmv2] [D] [thread 14900] [20.0] [cxt 0] Parser 'parser': start
[22:20:21.351] [bmv2] [D] [thread 14900] [20.0] [cxt 0] Parser 'parser' entering state 'start'
[22:20:21.351] [bmv2] [D] [thread 14900] [20.0] [cxt 0] Extracting header 'ethernet'
[22:20:21.351] [bmv2] [D] [thread 14900] [20.0] [cxt 0] Parser state 'start': key is 86dd
[22:20:21.351] [bmv2] [T] [thread 14900] [20.0] [cxt 0] Bytes parsed: 14
[22:20:21.351] [bmv2] [D] [thread 14900] [20.0] [cxt 0] Parser 'parser': end
[22:20:21.351] [bmv2] [D] [thread 14900] [20.0] [cxt 0] Pipeline 'ingress': start
[22:20:21.351] [bmv2] [T] [thread 14900] [20.0] [cxt 0] basic.p4(114) Condition "hdr.ipv4.isValid()" (node_2) is false
[22:20:21.351] [bmv2] [D] [thread 14900] [20.0] [cxt 0] Pipeline 'ingress': end
[22:20:21.351] [bmv2] [D] [thread 14900] [20.0] [cxt 0] Egress port is 0
[22:20:21.351] [bmv2] [D] [thread 14901] [20.0] [cxt 0] Pipeline 'egress': start
[22:20:21.351] [bmv2] [D] [thread 14901] [20.0] [cxt 0] Pipeline 'egress': end
[22:20:21.351] [bmv2] [D] [thread 14901] [20.0] [cxt 0] Deparser 'deparser': start
[22:20:21.351] [bmv2] [T] [thread 14901] [20.0] [cxt 0] Skipping checksum 'cksum' update because condition not met
[22:20:21.351] [bmv2] [D] [thread 14901] [20.0] [cxt 0] Deparsing header 'ethernet'
[22:20:21.351] [bmv2] [D] [thread 14901] [20.0] [cxt 0] Deparser 'deparser': end
[22:20:21.351] [bmv2] [D] [thread 14905] [20.0] [cxt 0] Transmitting packet of size 70 out of port 0
[22:20:21.863] [bmv2] [D] [thread 14900] [21.0] [cxt 0] Processing packet received on port 2
[22:20:21.863] [bmv2] [D] [thread 14900] [21.0] [cxt 0] Parser 'parser': start
[22:20:21.863] [bmv2] [D] [thread 14900] [21.0] [cxt 0] Parser 'parser' entering state 'start'
[22:20:21.863] [bmv2] [D] [thread 14900] [21.0] [cxt 0] Extracting header 'ethernet'
[22:20:21.863] [bmv2] [D] [thread 14900] [21.0] [cxt 0] Parser state 'start': key is 86dd
[22:20:21.863] [bmv2] [T] [thread 14900] [21.0] [cxt 0] Bytes parsed: 14
[22:20:21.863] [bmv2] [D] [thread 14900] [21.0] [cxt 0] Parser 'parser': end
[22:20:21.863] [bmv2] [D] [thread 14900] [21.0] [cxt 0] Pipeline 'ingress': start
[22:20:21.863] [bmv2] [T] [thread 14900] [21.0] [cxt 0] basic.p4(114) Condition "hdr.ipv4.isValid()" (node_2) is false
[22:20:21.863] [bmv2] [D] [thread 14900] [21.0] [cxt 0] Pipeline 'ingress': end
[22:20:21.863] [bmv2] [D] [thread 14900] [21.0] [cxt 0] Egress port is 0
[22:20:21.863] [bmv2] [D] [thread 14901] [21.0] [cxt 0] Pipeline 'egress': start
[22:20:21.863] [bmv2] [D] [thread 14901] [21.0] [cxt 0] Pipeline 'egress': end
[22:20:21.863] [bmv2] [D] [thread 14901] [21.0] [cxt 0] Deparser 'deparser': start
[22:20:21.863] [bmv2] [T] [thread 14901] [21.0] [cxt 0] Skipping checksum 'cksum' update because condition not met
[22:20:21.863] [bmv2] [D] [thread 14901] [21.0] [cxt 0] Deparsing header 'ethernet'
[22:20:21.863] [bmv2] [D] [thread 14901] [21.0] [cxt 0] Deparser 'deparser': end
[22:20:21.863] [bmv2] [D] [thread 14905] [21.0] [cxt 0] Transmitting packet of size 70 out of port 0
[22:20:24.457] [bmv2] [D] [thread 14900] [22.0] [cxt 0] Processing packet received on port 1
[22:20:24.457] [bmv2] [D] [thread 14900] [22.0] [cxt 0] Parser 'parser': start
[22:20:24.457] [bmv2] [D] [thread 14900] [22.0] [cxt 0] Parser 'parser' entering state 'start'
[22:20:24.457] [bmv2] [D] [thread 14900] [22.0] [cxt 0] Extracting header 'ethernet'
[22:20:24.457] [bmv2] [D] [thread 14900] [22.0] [cxt 0] Parser state 'start': key is 86dd
[22:20:24.457] [bmv2] [T] [thread 14900] [22.0] [cxt 0] Bytes parsed: 14
[22:20:24.457] [bmv2] [D] [thread 14900] [22.0] [cxt 0] Parser 'parser': end
[22:20:24.457] [bmv2] [D] [thread 14900] [22.0] [cxt 0] Pipeline 'ingress': start
[22:20:24.457] [bmv2] [T] [thread 14900] [22.0] [cxt 0] basic.p4(114) Condition "hdr.ipv4.isValid()" (node_2) is false
[22:20:24.457] [bmv2] [D] [thread 14900] [22.0] [cxt 0] Pipeline 'ingress': end
[22:20:24.457] [bmv2] [D] [thread 14900] [22.0] [cxt 0] Egress port is 0
[22:20:24.457] [bmv2] [D] [thread 14901] [22.0] [cxt 0] Pipeline 'egress': start
[22:20:24.457] [bmv2] [D] [thread 14901] [22.0] [cxt 0] Pipeline 'egress': end
[22:20:24.457] [bmv2] [D] [thread 14901] [22.0] [cxt 0] Deparser 'deparser': start
[22:20:24.457] [bmv2] [T] [thread 14901] [22.0] [cxt 0] Skipping checksum 'cksum' update because condition not met
[22:20:24.457] [bmv2] [D] [thread 14901] [22.0] [cxt 0] Deparsing header 'ethernet'
[22:20:24.457] [bmv2] [D] [thread 14901] [22.0] [cxt 0] Deparser 'deparser': end
[22:20:24.457] [bmv2] [D] [thread 14905] [22.0] [cxt 0] Transmitting packet of size 107 out of port 0
[22:20:24.620] [bmv2] [D] [thread 14900] [23.0] [cxt 0] Processing packet received on port 2
[22:20:24.620] [bmv2] [D] [thread 14900] [23.0] [cxt 0] Parser 'parser': start
[22:20:24.620] [bmv2] [D] [thread 14900] [23.0] [cxt 0] Parser 'parser' entering state 'start'
[22:20:24.620] [bmv2] [D] [thread 14900] [23.0] [cxt 0] Extracting header 'ethernet'
[22:20:24.620] [bmv2] [D] [thread 14900] [23.0] [cxt 0] Parser state 'start': key is 86dd
[22:20:24.620] [bmv2] [T] [thread 14900] [23.0] [cxt 0] Bytes parsed: 14
[22:20:24.620] [bmv2] [D] [thread 14900] [23.0] [cxt 0] Parser 'parser': end
[22:20:24.620] [bmv2] [D] [thread 14900] [23.0] [cxt 0] Pipeline 'ingress': start
[22:20:24.620] [bmv2] [T] [thread 14900] [23.0] [cxt 0] basic.p4(114) Condition "hdr.ipv4.isValid()" (node_2) is false
[22:20:24.620] [bmv2] [D] [thread 14900] [23.0] [cxt 0] Pipeline 'ingress': end
[22:20:24.620] [bmv2] [D] [thread 14900] [23.0] [cxt 0] Egress port is 0
[22:20:24.620] [bmv2] [D] [thread 14901] [23.0] [cxt 0] Pipeline 'egress': start
[22:20:24.620] [bmv2] [D] [thread 14901] [23.0] [cxt 0] Pipeline 'egress': end
[22:20:24.620] [bmv2] [D] [thread 14901] [23.0] [cxt 0] Deparser 'deparser': start
[22:20:24.620] [bmv2] [T] [thread 14901] [23.0] [cxt 0] Skipping checksum 'cksum' update because condition not met
[22:20:24.620] [bmv2] [D] [thread 14901] [23.0] [cxt 0] Deparsing header 'ethernet'
[22:20:24.620] [bmv2] [D] [thread 14901] [23.0] [cxt 0] Deparser 'deparser': end
[22:20:24.620] [bmv2] [D] [thread 14905] [23.0] [cxt 0] Transmitting packet of size 107 out of port 0
[22:20:35.175] [bmv2] [D] [thread 14900] [24.0] [cxt 0] Processing packet received on port 2
[22:20:35.175] [bmv2] [D] [thread 14900] [24.0] [cxt 0] Parser 'parser': start
[22:20:35.175] [bmv2] [D] [thread 14900] [24.0] [cxt 0] Parser 'parser' entering state 'start'
[22:20:35.175] [bmv2] [D] [thread 14900] [24.0] [cxt 0] Extracting header 'ethernet'
[22:20:35.175] [bmv2] [D] [thread 14900] [24.0] [cxt 0] Parser state 'start': key is 86dd
[22:20:35.175] [bmv2] [T] [thread 14900] [24.0] [cxt 0] Bytes parsed: 14
[22:20:35.175] [bmv2] [D] [thread 14900] [24.0] [cxt 0] Parser 'parser': end
[22:20:35.175] [bmv2] [D] [thread 14900] [24.0] [cxt 0] Pipeline 'ingress': start
[22:20:35.175] [bmv2] [T] [thread 14900] [24.0] [cxt 0] basic.p4(114) Condition "hdr.ipv4.isValid()" (node_2) is false
[22:20:35.175] [bmv2] [D] [thread 14900] [24.0] [cxt 0] Pipeline 'ingress': end
[22:20:35.175] [bmv2] [D] [thread 14900] [24.0] [cxt 0] Egress port is 0
[22:20:35.175] [bmv2] [D] [thread 14901] [24.0] [cxt 0] Pipeline 'egress': start
[22:20:35.175] [bmv2] [D] [thread 14901] [24.0] [cxt 0] Pipeline 'egress': end
[22:20:35.175] [bmv2] [D] [thread 14901] [24.0] [cxt 0] Deparser 'deparser': start
[22:20:35.175] [bmv2] [T] [thread 14901] [24.0] [cxt 0] Skipping checksum 'cksum' update because condition not met
[22:20:35.175] [bmv2] [D] [thread 14901] [24.0] [cxt 0] Deparsing header 'ethernet'
[22:20:35.175] [bmv2] [D] [thread 14901] [24.0] [cxt 0] Deparser 'deparser': end
[22:20:35.175] [bmv2] [D] [thread 14905] [24.0] [cxt 0] Transmitting packet of size 70 out of port 0
[22:20:35.432] [bmv2] [D] [thread 14900] [25.0] [cxt 0] Processing packet received on port 1
[22:20:35.432] [bmv2] [D] [thread 14900] [25.0] [cxt 0] Parser 'parser': start
[22:20:35.432] [bmv2] [D] [thread 14900] [25.0] [cxt 0] Parser 'parser' entering state 'start'
[22:20:35.432] [bmv2] [D] [thread 14900] [25.0] [cxt 0] Extracting header 'ethernet'
[22:20:35.432] [bmv2] [D] [thread 14900] [25.0] [cxt 0] Parser state 'start': key is 86dd
[22:20:35.432] [bmv2] [T] [thread 14900] [25.0] [cxt 0] Bytes parsed: 14
[22:20:35.432] [bmv2] [D] [thread 14900] [25.0] [cxt 0] Parser 'parser': end
[22:20:35.432] [bmv2] [D] [thread 14900] [25.0] [cxt 0] Pipeline 'ingress': start
[22:20:35.432] [bmv2] [T] [thread 14900] [25.0] [cxt 0] basic.p4(114) Condition "hdr.ipv4.isValid()" (node_2) is false
[22:20:35.432] [bmv2] [D] [thread 14900] [25.0] [cxt 0] Pipeline 'ingress': end
[22:20:35.432] [bmv2] [D] [thread 14900] [25.0] [cxt 0] Egress port is 0
[22:20:35.432] [bmv2] [D] [thread 14901] [25.0] [cxt 0] Pipeline 'egress': start
[22:20:35.432] [bmv2] [D] [thread 14901] [25.0] [cxt 0] Pipeline 'egress': end
[22:20:35.432] [bmv2] [D] [thread 14901] [25.0] [cxt 0] Deparser 'deparser': start
[22:20:35.432] [bmv2] [T] [thread 14901] [25.0] [cxt 0] Skipping checksum 'cksum' update because condition not met
[22:20:35.432] [bmv2] [D] [thread 14901] [25.0] [cxt 0] Deparsing header 'ethernet'
[22:20:35.432] [bmv2] [D] [thread 14901] [25.0] [cxt 0] Deparser 'deparser': end
[22:20:35.432] [bmv2] [D] [thread 14905] [25.0] [cxt 0] Transmitting packet of size 70 out of port 0
[22:20:36.711] [bmv2] [D] [thread 14900] [26.0] [cxt 0] Processing packet received on port 2
[22:20:36.711] [bmv2] [D] [thread 14900] [26.0] [cxt 0] Parser 'parser': start
[22:20:36.711] [bmv2] [D] [thread 14900] [26.0] [cxt 0] Parser 'parser' entering state 'start'
[22:20:36.711] [bmv2] [D] [thread 14900] [26.0] [cxt 0] Extracting header 'ethernet'
[22:20:36.711] [bmv2] [D] [thread 14900] [26.0] [cxt 0] Parser state 'start': key is 86dd
[22:20:36.711] [bmv2] [T] [thread 14900] [26.0] [cxt 0] Bytes parsed: 14
[22:20:36.711] [bmv2] [D] [thread 14900] [26.0] [cxt 0] Parser 'parser': end
[22:20:36.711] [bmv2] [D] [thread 14900] [26.0] [cxt 0] Pipeline 'ingress': start
[22:20:36.711] [bmv2] [T] [thread 14900] [26.0] [cxt 0] basic.p4(114) Condition "hdr.ipv4.isValid()" (node_2) is false
[22:20:36.711] [bmv2] [D] [thread 14900] [26.0] [cxt 0] Pipeline 'ingress': end
[22:20:36.711] [bmv2] [D] [thread 14900] [26.0] [cxt 0] Egress port is 0
[22:20:36.711] [bmv2] [D] [thread 14901] [26.0] [cxt 0] Pipeline 'egress': start
[22:20:36.711] [bmv2] [D] [thread 14901] [26.0] [cxt 0] Pipeline 'egress': end
[22:20:36.711] [bmv2] [D] [thread 14901] [26.0] [cxt 0] Deparser 'deparser': start
[22:20:36.711] [bmv2] [T] [thread 14901] [26.0] [cxt 0] Skipping checksum 'cksum' update because condition not met
[22:20:36.711] [bmv2] [D] [thread 14901] [26.0] [cxt 0] Deparsing header 'ethernet'
[22:20:36.711] [bmv2] [D] [thread 14901] [26.0] [cxt 0] Deparser 'deparser': end
[22:20:36.711] [bmv2] [D] [thread 14905] [26.0] [cxt 0] Transmitting packet of size 70 out of port 0
[22:20:38.504] [bmv2] [D] [thread 14900] [27.0] [cxt 0] Processing packet received on port 1
[22:20:38.504] [bmv2] [D] [thread 14900] [27.0] [cxt 0] Parser 'parser': start
[22:20:38.504] [bmv2] [D] [thread 14900] [27.0] [cxt 0] Parser 'parser' entering state 'start'
[22:20:38.504] [bmv2] [D] [thread 14900] [27.0] [cxt 0] Extracting header 'ethernet'
[22:20:38.504] [bmv2] [D] [thread 14900] [27.0] [cxt 0] Parser state 'start': key is 86dd
[22:20:38.504] [bmv2] [T] [thread 14900] [27.0] [cxt 0] Bytes parsed: 14
[22:20:38.504] [bmv2] [D] [thread 14900] [27.0] [cxt 0] Parser 'parser': end
[22:20:38.504] [bmv2] [D] [thread 14900] [27.0] [cxt 0] Pipeline 'ingress': start
[22:20:38.504] [bmv2] [T] [thread 14900] [27.0] [cxt 0] basic.p4(114) Condition "hdr.ipv4.isValid()" (node_2) is false
[22:20:38.504] [bmv2] [D] [thread 14900] [27.0] [cxt 0] Pipeline 'ingress': end
[22:20:38.504] [bmv2] [D] [thread 14900] [27.0] [cxt 0] Egress port is 0
[22:20:38.504] [bmv2] [D] [thread 14901] [27.0] [cxt 0] Pipeline 'egress': start
[22:20:38.504] [bmv2] [D] [thread 14901] [27.0] [cxt 0] Pipeline 'egress': end
[22:20:38.504] [bmv2] [D] [thread 14901] [27.0] [cxt 0] Deparser 'deparser': start
[22:20:38.504] [bmv2] [T] [thread 14901] [27.0] [cxt 0] Skipping checksum 'cksum' update because condition not met
[22:20:38.504] [bmv2] [D] [thread 14901] [27.0] [cxt 0] Deparsing header 'ethernet'
[22:20:38.504] [bmv2] [D] [thread 14901] [27.0] [cxt 0] Deparser 'deparser': end
[22:20:38.504] [bmv2] [D] [thread 14905] [27.0] [cxt 0] Transmitting packet of size 70 out of port 0
[22:20:40.459] [bmv2] [D] [thread 14900] [28.0] [cxt 0] Processing packet received on port 1
[22:20:40.459] [bmv2] [D] [thread 14900] [28.0] [cxt 0] Parser 'parser': start
[22:20:40.459] [bmv2] [D] [thread 14900] [28.0] [cxt 0] Parser 'parser' entering state 'start'
[22:20:40.459] [bmv2] [D] [thread 14900] [28.0] [cxt 0] Extracting header 'ethernet'
[22:20:40.459] [bmv2] [D] [thread 14900] [28.0] [cxt 0] Parser state 'start': key is 86dd
[22:20:40.459] [bmv2] [T] [thread 14900] [28.0] [cxt 0] Bytes parsed: 14
[22:20:40.459] [bmv2] [D] [thread 14900] [28.0] [cxt 0] Parser 'parser': end
[22:20:40.459] [bmv2] [D] [thread 14900] [28.0] [cxt 0] Pipeline 'ingress': start
[22:20:40.459] [bmv2] [T] [thread 14900] [28.0] [cxt 0] basic.p4(114) Condition "hdr.ipv4.isValid()" (node_2) is false
[22:20:40.459] [bmv2] [D] [thread 14900] [28.0] [cxt 0] Pipeline 'ingress': end
[22:20:40.459] [bmv2] [D] [thread 14900] [28.0] [cxt 0] Egress port is 0
[22:20:40.459] [bmv2] [D] [thread 14901] [28.0] [cxt 0] Pipeline 'egress': start
[22:20:40.459] [bmv2] [D] [thread 14901] [28.0] [cxt 0] Pipeline 'egress': end
[22:20:40.459] [bmv2] [D] [thread 14901] [28.0] [cxt 0] Deparser 'deparser': start
[22:20:40.459] [bmv2] [T] [thread 14901] [28.0] [cxt 0] Skipping checksum 'cksum' update because condition not met
[22:20:40.459] [bmv2] [D] [thread 14901] [28.0] [cxt 0] Deparsing header 'ethernet'
[22:20:40.459] [bmv2] [D] [thread 14901] [28.0] [cxt 0] Deparser 'deparser': end
[22:20:40.459] [bmv2] [D] [thread 14905] [28.0] [cxt 0] Transmitting packet of size 107 out of port 0
[22:20:40.619] [bmv2] [D] [thread 14900] [29.0] [cxt 0] Processing packet received on port 2
[22:20:40.619] [bmv2] [D] [thread 14900] [29.0] [cxt 0] Parser 'parser': start
[22:20:40.619] [bmv2] [D] [thread 14900] [29.0] [cxt 0] Parser 'parser' entering state 'start'
[22:20:40.619] [bmv2] [D] [thread 14900] [29.0] [cxt 0] Extracting header 'ethernet'
[22:20:40.619] [bmv2] [D] [thread 14900] [29.0] [cxt 0] Parser state 'start': key is 86dd
[22:20:40.619] [bmv2] [T] [thread 14900] [29.0] [cxt 0] Bytes parsed: 14
[22:20:40.619] [bmv2] [D] [thread 14900] [29.0] [cxt 0] Parser 'parser': end
[22:20:40.619] [bmv2] [D] [thread 14900] [29.0] [cxt 0] Pipeline 'ingress': start
[22:20:40.619] [bmv2] [T] [thread 14900] [29.0] [cxt 0] basic.p4(114) Condition "hdr.ipv4.isValid()" (node_2) is false
[22:20:40.619] [bmv2] [D] [thread 14900] [29.0] [cxt 0] Pipeline 'ingress': end
[22:20:40.619] [bmv2] [D] [thread 14900] [29.0] [cxt 0] Egress port is 0
[22:20:40.619] [bmv2] [D] [thread 14901] [29.0] [cxt 0] Pipeline 'egress': start
[22:20:40.619] [bmv2] [D] [thread 14901] [29.0] [cxt 0] Pipeline 'egress': end
[22:20:40.619] [bmv2] [D] [thread 14901] [29.0] [cxt 0] Deparser 'deparser': start
[22:20:40.619] [bmv2] [T] [thread 14901] [29.0] [cxt 0] Skipping checksum 'cksum' update because condition not met
[22:20:40.619] [bmv2] [D] [thread 14901] [29.0] [cxt 0] Deparsing header 'ethernet'
[22:20:40.619] [bmv2] [D] [thread 14901] [29.0] [cxt 0] Deparser 'deparser': end
[22:20:40.619] [bmv2] [D] [thread 14905] [29.0] [cxt 0] Transmitting packet of size 107 out of port 0
[22:21:03.079] [bmv2] [D] [thread 14900] [30.0] [cxt 0] Processing packet received on port 2
[22:21:03.079] [bmv2] [D] [thread 14900] [30.0] [cxt 0] Parser 'parser': start
[22:21:03.079] [bmv2] [D] [thread 14900] [30.0] [cxt 0] Parser 'parser' entering state 'start'
[22:21:03.079] [bmv2] [D] [thread 14900] [30.0] [cxt 0] Extracting header 'ethernet'
[22:21:03.079] [bmv2] [D] [thread 14900] [30.0] [cxt 0] Parser state 'start': key is 86dd
[22:21:03.079] [bmv2] [T] [thread 14900] [30.0] [cxt 0] Bytes parsed: 14
[22:21:03.079] [bmv2] [D] [thread 14900] [30.0] [cxt 0] Parser 'parser': end
[22:21:03.079] [bmv2] [D] [thread 14900] [30.0] [cxt 0] Pipeline 'ingress': start
[22:21:03.079] [bmv2] [T] [thread 14900] [30.0] [cxt 0] basic.p4(114) Condition "hdr.ipv4.isValid()" (node_2) is false
[22:21:03.079] [bmv2] [D] [thread 14900] [30.0] [cxt 0] Pipeline 'ingress': end
[22:21:03.079] [bmv2] [D] [thread 14900] [30.0] [cxt 0] Egress port is 0
[22:21:03.079] [bmv2] [D] [thread 14901] [30.0] [cxt 0] Pipeline 'egress': start
[22:21:03.079] [bmv2] [D] [thread 14901] [30.0] [cxt 0] Pipeline 'egress': end
[22:21:03.079] [bmv2] [D] [thread 14901] [30.0] [cxt 0] Deparser 'deparser': start
[22:21:03.079] [bmv2] [T] [thread 14901] [30.0] [cxt 0] Skipping checksum 'cksum' update because condition not met
[22:21:03.079] [bmv2] [D] [thread 14901] [30.0] [cxt 0] Deparsing header 'ethernet'
[22:21:03.079] [bmv2] [D] [thread 14901] [30.0] [cxt 0] Deparser 'deparser': end
[22:21:03.079] [bmv2] [D] [thread 14905] [30.0] [cxt 0] Transmitting packet of size 70 out of port 0
[22:21:05.127] [bmv2] [D] [thread 14900] [31.0] [cxt 0] Processing packet received on port 1
[22:21:05.127] [bmv2] [D] [thread 14900] [31.0] [cxt 0] Parser 'parser': start
[22:21:05.127] [bmv2] [D] [thread 14900] [31.0] [cxt 0] Parser 'parser' entering state 'start'
[22:21:05.127] [bmv2] [D] [thread 14900] [31.0] [cxt 0] Extracting header 'ethernet'
[22:21:05.127] [bmv2] [D] [thread 14900] [31.0] [cxt 0] Parser state 'start': key is 86dd
[22:21:05.127] [bmv2] [T] [thread 14900] [31.0] [cxt 0] Bytes parsed: 14
[22:21:05.127] [bmv2] [D] [thread 14900] [31.0] [cxt 0] Parser 'parser': end
[22:21:05.127] [bmv2] [D] [thread 14900] [31.0] [cxt 0] Pipeline 'ingress': start
[22:21:05.127] [bmv2] [T] [thread 14900] [31.0] [cxt 0] basic.p4(114) Condition "hdr.ipv4.isValid()" (node_2) is false
[22:21:05.127] [bmv2] [D] [thread 14900] [31.0] [cxt 0] Pipeline 'ingress': end
[22:21:05.127] [bmv2] [D] [thread 14900] [31.0] [cxt 0] Egress port is 0
[22:21:05.127] [bmv2] [D] [thread 14901] [31.0] [cxt 0] Pipeline 'egress': start
[22:21:05.127] [bmv2] [D] [thread 14901] [31.0] [cxt 0] Pipeline 'egress': end
[22:21:05.127] [bmv2] [D] [thread 14901] [31.0] [cxt 0] Deparser 'deparser': start
[22:21:05.127] [bmv2] [T] [thread 14901] [31.0] [cxt 0] Skipping checksum 'cksum' update because condition not met
[22:21:05.127] [bmv2] [D] [thread 14901] [31.0] [cxt 0] Deparsing header 'ethernet'
[22:21:05.127] [bmv2] [D] [thread 14901] [31.0] [cxt 0] Deparser 'deparser': end
[22:21:05.127] [bmv2] [D] [thread 14905] [31.0] [cxt 0] Transmitting packet of size 70 out of port 0
[22:21:07.175] [bmv2] [D] [thread 14900] [32.0] [cxt 0] Processing packet received on port 2
[22:21:07.175] [bmv2] [D] [thread 14900] [32.0] [cxt 0] Parser 'parser': start
[22:21:07.175] [bmv2] [D] [thread 14900] [32.0] [cxt 0] Parser 'parser' entering state 'start'
[22:21:07.175] [bmv2] [D] [thread 14900] [32.0] [cxt 0] Extracting header 'ethernet'
[22:21:07.175] [bmv2] [D] [thread 14900] [32.0] [cxt 0] Parser state 'start': key is 86dd
[22:21:07.175] [bmv2] [T] [thread 14900] [32.0] [cxt 0] Bytes parsed: 14
[22:21:07.175] [bmv2] [D] [thread 14900] [32.0] [cxt 0] Parser 'parser': end
[22:21:07.175] [bmv2] [D] [thread 14900] [32.0] [cxt 0] Pipeline 'ingress': start
[22:21:07.175] [bmv2] [T] [thread 14900] [32.0] [cxt 0] basic.p4(114) Condition "hdr.ipv4.isValid()" (node_2) is false
[22:21:07.175] [bmv2] [D] [thread 14900] [32.0] [cxt 0] Pipeline 'ingress': end
[22:21:07.175] [bmv2] [D] [thread 14900] [32.0] [cxt 0] Egress port is 0
[22:21:07.175] [bmv2] [D] [thread 14901] [32.0] [cxt 0] Pipeline 'egress': start
[22:21:07.175] [bmv2] [D] [thread 14901] [32.0] [cxt 0] Pipeline 'egress': end
[22:21:07.175] [bmv2] [D] [thread 14901] [32.0] [cxt 0] Deparser 'deparser': start
[22:21:07.175] [bmv2] [T] [thread 14901] [32.0] [cxt 0] Skipping checksum 'cksum' update because condition not met
[22:21:07.175] [bmv2] [D] [thread 14901] [32.0] [cxt 0] Deparsing header 'ethernet'
[22:21:07.175] [bmv2] [D] [thread 14901] [32.0] [cxt 0] Deparser 'deparser': end
[22:21:07.175] [bmv2] [D] [thread 14905] [32.0] [cxt 0] Transmitting packet of size 70 out of port 0
[22:21:11.272] [bmv2] [D] [thread 14900] [33.0] [cxt 0] Processing packet received on port 1
[22:21:11.272] [bmv2] [D] [thread 14900] [33.0] [cxt 0] Parser 'parser': start
[22:21:11.272] [bmv2] [D] [thread 14900] [33.0] [cxt 0] Parser 'parser' entering state 'start'
[22:21:11.272] [bmv2] [D] [thread 14900] [33.0] [cxt 0] Extracting header 'ethernet'
[22:21:11.272] [bmv2] [D] [thread 14900] [33.0] [cxt 0] Parser state 'start': key is 86dd
[22:21:11.272] [bmv2] [T] [thread 14900] [33.0] [cxt 0] Bytes parsed: 14
[22:21:11.272] [bmv2] [D] [thread 14900] [33.0] [cxt 0] Parser 'parser': end
[22:21:11.272] [bmv2] [D] [thread 14900] [33.0] [cxt 0] Pipeline 'ingress': start
[22:21:11.272] [bmv2] [T] [thread 14900] [33.0] [cxt 0] basic.p4(114) Condition "hdr.ipv4.isValid()" (node_2) is false
[22:21:11.272] [bmv2] [D] [thread 14900] [33.0] [cxt 0] Pipeline 'ingress': end
[22:21:11.272] [bmv2] [D] [thread 14900] [33.0] [cxt 0] Egress port is 0
[22:21:11.272] [bmv2] [D] [thread 14901] [33.0] [cxt 0] Pipeline 'egress': start
[22:21:11.272] [bmv2] [D] [thread 14901] [33.0] [cxt 0] Pipeline 'egress': end
[22:21:11.272] [bmv2] [D] [thread 14901] [33.0] [cxt 0] Deparser 'deparser': start
[22:21:11.272] [bmv2] [T] [thread 14901] [33.0] [cxt 0] Skipping checksum 'cksum' update because condition not met
[22:21:11.272] [bmv2] [D] [thread 14901] [33.0] [cxt 0] Deparsing header 'ethernet'
[22:21:11.272] [bmv2] [D] [thread 14901] [33.0] [cxt 0] Deparser 'deparser': end
[22:21:11.272] [bmv2] [D] [thread 14905] [33.0] [cxt 0] Transmitting packet of size 70 out of port 0
[22:21:12.476] [bmv2] [D] [thread 14900] [34.0] [cxt 0] Processing packet received on port 1
[22:21:12.476] [bmv2] [D] [thread 14900] [34.0] [cxt 0] Parser 'parser': start
[22:21:12.476] [bmv2] [D] [thread 14900] [34.0] [cxt 0] Parser 'parser' entering state 'start'
[22:21:12.476] [bmv2] [D] [thread 14900] [34.0] [cxt 0] Extracting header 'ethernet'
[22:21:12.476] [bmv2] [D] [thread 14900] [34.0] [cxt 0] Parser state 'start': key is 86dd
[22:21:12.476] [bmv2] [T] [thread 14900] [34.0] [cxt 0] Bytes parsed: 14
[22:21:12.476] [bmv2] [D] [thread 14900] [34.0] [cxt 0] Parser 'parser': end
[22:21:12.476] [bmv2] [D] [thread 14900] [34.0] [cxt 0] Pipeline 'ingress': start
[22:21:12.476] [bmv2] [T] [thread 14900] [34.0] [cxt 0] basic.p4(114) Condition "hdr.ipv4.isValid()" (node_2) is false
[22:21:12.476] [bmv2] [D] [thread 14900] [34.0] [cxt 0] Pipeline 'ingress': end
[22:21:12.476] [bmv2] [D] [thread 14900] [34.0] [cxt 0] Egress port is 0
[22:21:12.476] [bmv2] [D] [thread 14901] [34.0] [cxt 0] Pipeline 'egress': start
[22:21:12.476] [bmv2] [D] [thread 14901] [34.0] [cxt 0] Pipeline 'egress': end
[22:21:12.476] [bmv2] [D] [thread 14901] [34.0] [cxt 0] Deparser 'deparser': start
[22:21:12.476] [bmv2] [T] [thread 14901] [34.0] [cxt 0] Skipping checksum 'cksum' update because condition not met
[22:21:12.476] [bmv2] [D] [thread 14901] [34.0] [cxt 0] Deparsing header 'ethernet'
[22:21:12.476] [bmv2] [D] [thread 14901] [34.0] [cxt 0] Deparser 'deparser': end
[22:21:12.476] [bmv2] [D] [thread 14905] [34.0] [cxt 0] Transmitting packet of size 107 out of port 0
[22:21:12.620] [bmv2] [D] [thread 14900] [35.0] [cxt 0] Processing packet received on port 2
[22:21:12.620] [bmv2] [D] [thread 14900] [35.0] [cxt 0] Parser 'parser': start
[22:21:12.620] [bmv2] [D] [thread 14900] [35.0] [cxt 0] Parser 'parser' entering state 'start'
[22:21:12.620] [bmv2] [D] [thread 14900] [35.0] [cxt 0] Extracting header 'ethernet'
[22:21:12.620] [bmv2] [D] [thread 14900] [35.0] [cxt 0] Parser state 'start': key is 86dd
[22:21:12.620] [bmv2] [T] [thread 14900] [35.0] [cxt 0] Bytes parsed: 14
[22:21:12.620] [bmv2] [D] [thread 14900] [35.0] [cxt 0] Parser 'parser': end
[22:21:12.620] [bmv2] [D] [thread 14900] [35.0] [cxt 0] Pipeline 'ingress': start
[22:21:12.620] [bmv2] [T] [thread 14900] [35.0] [cxt 0] basic.p4(114) Condition "hdr.ipv4.isValid()" (node_2) is false
[22:21:12.620] [bmv2] [D] [thread 14900] [35.0] [cxt 0] Pipeline 'ingress': end
[22:21:12.620] [bmv2] [D] [thread 14900] [35.0] [cxt 0] Egress port is 0
[22:21:12.620] [bmv2] [D] [thread 14901] [35.0] [cxt 0] Pipeline 'egress': start
[22:21:12.620] [bmv2] [D] [thread 14901] [35.0] [cxt 0] Pipeline 'egress': end
[22:21:12.620] [bmv2] [D] [thread 14901] [35.0] [cxt 0] Deparser 'deparser': start
[22:21:12.620] [bmv2] [T] [thread 14901] [35.0] [cxt 0] Skipping checksum 'cksum' update because condition not met
[22:21:12.621] [bmv2] [D] [thread 14901] [35.0] [cxt 0] Deparsing header 'ethernet'
[22:21:12.621] [bmv2] [D] [thread 14901] [35.0] [cxt 0] Deparser 'deparser': end
[22:21:12.621] [bmv2] [D] [thread 14905] [35.0] [cxt 0] Transmitting packet of size 107 out of port 0
[22:22:02.471] [bmv2] [D] [thread 14900] [36.0] [cxt 0] Processing packet received on port 2
[22:22:02.471] [bmv2] [D] [thread 14900] [36.0] [cxt 0] Parser 'parser': start
[22:22:02.471] [bmv2] [D] [thread 14900] [36.0] [cxt 0] Parser 'parser' entering state 'start'
[22:22:02.471] [bmv2] [D] [thread 14900] [36.0] [cxt 0] Extracting header 'ethernet'
[22:22:02.471] [bmv2] [D] [thread 14900] [36.0] [cxt 0] Parser state 'start': key is 86dd
[22:22:02.471] [bmv2] [T] [thread 14900] [36.0] [cxt 0] Bytes parsed: 14
[22:22:02.471] [bmv2] [D] [thread 14900] [36.0] [cxt 0] Parser 'parser': end
[22:22:02.471] [bmv2] [D] [thread 14900] [36.0] [cxt 0] Pipeline 'ingress': start
[22:22:02.471] [bmv2] [T] [thread 14900] [36.0] [cxt 0] basic.p4(114) Condition "hdr.ipv4.isValid()" (node_2) is false
[22:22:02.471] [bmv2] [D] [thread 14900] [36.0] [cxt 0] Pipeline 'ingress': end
[22:22:02.471] [bmv2] [D] [thread 14900] [36.0] [cxt 0] Egress port is 0
[22:22:02.471] [bmv2] [D] [thread 14901] [36.0] [cxt 0] Pipeline 'egress': start
[22:22:02.471] [bmv2] [D] [thread 14901] [36.0] [cxt 0] Pipeline 'egress': end
[22:22:02.471] [bmv2] [D] [thread 14901] [36.0] [cxt 0] Deparser 'deparser': start
[22:22:02.471] [bmv2] [T] [thread 14901] [36.0] [cxt 0] Skipping checksum 'cksum' update because condition not met
[22:22:02.471] [bmv2] [D] [thread 14901] [36.0] [cxt 0] Deparsing header 'ethernet'
[22:22:02.471] [bmv2] [D] [thread 14901] [36.0] [cxt 0] Deparser 'deparser': end
[22:22:02.471] [bmv2] [D] [thread 14905] [36.0] [cxt 0] Transmitting packet of size 70 out of port 0
[22:22:06.567] [bmv2] [D] [thread 14900] [37.0] [cxt 0] Processing packet received on port 1
[22:22:06.567] [bmv2] [D] [thread 14900] [37.0] [cxt 0] Parser 'parser': start
[22:22:06.567] [bmv2] [D] [thread 14900] [37.0] [cxt 0] Parser 'parser' entering state 'start'
[22:22:06.567] [bmv2] [D] [thread 14900] [37.0] [cxt 0] Extracting header 'ethernet'
[22:22:06.567] [bmv2] [D] [thread 14900] [37.0] [cxt 0] Parser state 'start': key is 86dd
[22:22:06.567] [bmv2] [T] [thread 14900] [37.0] [cxt 0] Bytes parsed: 14
[22:22:06.567] [bmv2] [D] [thread 14900] [37.0] [cxt 0] Parser 'parser': end
[22:22:06.567] [bmv2] [D] [thread 14900] [37.0] [cxt 0] Pipeline 'ingress': start
[22:22:06.567] [bmv2] [T] [thread 14900] [37.0] [cxt 0] basic.p4(114) Condition "hdr.ipv4.isValid()" (node_2) is false
[22:22:06.567] [bmv2] [D] [thread 14900] [37.0] [cxt 0] Pipeline 'ingress': end
[22:22:06.567] [bmv2] [D] [thread 14900] [37.0] [cxt 0] Egress port is 0
[22:22:06.567] [bmv2] [D] [thread 14901] [37.0] [cxt 0] Pipeline 'egress': start
[22:22:06.567] [bmv2] [D] [thread 14901] [37.0] [cxt 0] Pipeline 'egress': end
[22:22:06.567] [bmv2] [D] [thread 14901] [37.0] [cxt 0] Deparser 'deparser': start
[22:22:06.567] [bmv2] [T] [thread 14901] [37.0] [cxt 0] Skipping checksum 'cksum' update because condition not met
[22:22:06.567] [bmv2] [D] [thread 14901] [37.0] [cxt 0] Deparsing header 'ethernet'
[22:22:06.567] [bmv2] [D] [thread 14901] [37.0] [cxt 0] Deparser 'deparser': end
[22:22:06.567] [bmv2] [D] [thread 14905] [37.0] [cxt 0] Transmitting packet of size 70 out of port 0
[22:22:08.615] [bmv2] [D] [thread 14900] [38.0] [cxt 0] Processing packet received on port 2
[22:22:08.615] [bmv2] [D] [thread 14900] [38.0] [cxt 0] Parser 'parser': start
[22:22:08.615] [bmv2] [D] [thread 14900] [38.0] [cxt 0] Parser 'parser' entering state 'start'
[22:22:08.615] [bmv2] [D] [thread 14900] [38.0] [cxt 0] Extracting header 'ethernet'
[22:22:08.615] [bmv2] [D] [thread 14900] [38.0] [cxt 0] Parser state 'start': key is 86dd
[22:22:08.615] [bmv2] [T] [thread 14900] [38.0] [cxt 0] Bytes parsed: 14
[22:22:08.615] [bmv2] [D] [thread 14900] [38.0] [cxt 0] Parser 'parser': end
[22:22:08.615] [bmv2] [D] [thread 14900] [38.0] [cxt 0] Pipeline 'ingress': start
[22:22:08.615] [bmv2] [T] [thread 14900] [38.0] [cxt 0] basic.p4(114) Condition "hdr.ipv4.isValid()" (node_2) is false
[22:22:08.615] [bmv2] [D] [thread 14900] [38.0] [cxt 0] Pipeline 'ingress': end
[22:22:08.615] [bmv2] [D] [thread 14900] [38.0] [cxt 0] Egress port is 0
[22:22:08.615] [bmv2] [D] [thread 14901] [38.0] [cxt 0] Pipeline 'egress': start
[22:22:08.615] [bmv2] [D] [thread 14901] [38.0] [cxt 0] Pipeline 'egress': end
[22:22:08.615] [bmv2] [D] [thread 14901] [38.0] [cxt 0] Deparser 'deparser': start
[22:22:08.615] [bmv2] [T] [thread 14901] [38.0] [cxt 0] Skipping checksum 'cksum' update because condition not met
[22:22:08.615] [bmv2] [D] [thread 14901] [38.0] [cxt 0] Deparsing header 'ethernet'
[22:22:08.615] [bmv2] [D] [thread 14901] [38.0] [cxt 0] Deparser 'deparser': end
[22:22:08.615] [bmv2] [D] [thread 14905] [38.0] [cxt 0] Transmitting packet of size 70 out of port 0
[22:22:14.760] [bmv2] [D] [thread 14900] [39.0] [cxt 0] Processing packet received on port 1
[22:22:14.760] [bmv2] [D] [thread 14900] [39.0] [cxt 0] Parser 'parser': start
[22:22:14.760] [bmv2] [D] [thread 14900] [39.0] [cxt 0] Parser 'parser' entering state 'start'
[22:22:14.760] [bmv2] [D] [thread 14900] [39.0] [cxt 0] Extracting header 'ethernet'
[22:22:14.760] [bmv2] [D] [thread 14900] [39.0] [cxt 0] Parser state 'start': key is 86dd
[22:22:14.760] [bmv2] [T] [thread 14900] [39.0] [cxt 0] Bytes parsed: 14
[22:22:14.760] [bmv2] [D] [thread 14900] [39.0] [cxt 0] Parser 'parser': end
[22:22:14.760] [bmv2] [D] [thread 14900] [39.0] [cxt 0] Pipeline 'ingress': start
[22:22:14.760] [bmv2] [T] [thread 14900] [39.0] [cxt 0] basic.p4(114) Condition "hdr.ipv4.isValid()" (node_2) is false
[22:22:14.760] [bmv2] [D] [thread 14900] [39.0] [cxt 0] Pipeline 'ingress': end
[22:22:14.760] [bmv2] [D] [thread 14900] [39.0] [cxt 0] Egress port is 0
[22:22:14.760] [bmv2] [D] [thread 14901] [39.0] [cxt 0] Pipeline 'egress': start
[22:22:14.760] [bmv2] [D] [thread 14901] [39.0] [cxt 0] Pipeline 'egress': end
[22:22:14.760] [bmv2] [D] [thread 14901] [39.0] [cxt 0] Deparser 'deparser': start
[22:22:14.760] [bmv2] [T] [thread 14901] [39.0] [cxt 0] Skipping checksum 'cksum' update because condition not met
[22:22:14.760] [bmv2] [D] [thread 14901] [39.0] [cxt 0] Deparsing header 'ethernet'
[22:22:14.760] [bmv2] [D] [thread 14901] [39.0] [cxt 0] Deparser 'deparser': end
[22:22:14.760] [bmv2] [D] [thread 14905] [39.0] [cxt 0] Transmitting packet of size 70 out of port 0
[22:22:16.478] [bmv2] [D] [thread 14900] [40.0] [cxt 0] Processing packet received on port 1
[22:22:16.478] [bmv2] [D] [thread 14900] [40.0] [cxt 0] Parser 'parser': start
[22:22:16.478] [bmv2] [D] [thread 14900] [40.0] [cxt 0] Parser 'parser' entering state 'start'
[22:22:16.478] [bmv2] [D] [thread 14900] [40.0] [cxt 0] Extracting header 'ethernet'
[22:22:16.478] [bmv2] [D] [thread 14900] [40.0] [cxt 0] Parser state 'start': key is 86dd
[22:22:16.478] [bmv2] [T] [thread 14900] [40.0] [cxt 0] Bytes parsed: 14
[22:22:16.478] [bmv2] [D] [thread 14900] [40.0] [cxt 0] Parser 'parser': end
[22:22:16.478] [bmv2] [D] [thread 14900] [40.0] [cxt 0] Pipeline 'ingress': start
[22:22:16.478] [bmv2] [T] [thread 14900] [40.0] [cxt 0] basic.p4(114) Condition "hdr.ipv4.isValid()" (node_2) is false
[22:22:16.478] [bmv2] [D] [thread 14900] [40.0] [cxt 0] Pipeline 'ingress': end
[22:22:16.478] [bmv2] [D] [thread 14900] [40.0] [cxt 0] Egress port is 0
[22:22:16.478] [bmv2] [D] [thread 14901] [40.0] [cxt 0] Pipeline 'egress': start
[22:22:16.478] [bmv2] [D] [thread 14901] [40.0] [cxt 0] Pipeline 'egress': end
[22:22:16.478] [bmv2] [D] [thread 14901] [40.0] [cxt 0] Deparser 'deparser': start
[22:22:16.478] [bmv2] [T] [thread 14901] [40.0] [cxt 0] Skipping checksum 'cksum' update because condition not met
[22:22:16.478] [bmv2] [D] [thread 14901] [40.0] [cxt 0] Deparsing header 'ethernet'
[22:22:16.478] [bmv2] [D] [thread 14901] [40.0] [cxt 0] Deparser 'deparser': end
[22:22:16.478] [bmv2] [D] [thread 14905] [40.0] [cxt 0] Transmitting packet of size 107 out of port 0
[22:22:16.621] [bmv2] [D] [thread 14900] [41.0] [cxt 0] Processing packet received on port 2
[22:22:16.621] [bmv2] [D] [thread 14900] [41.0] [cxt 0] Parser 'parser': start
[22:22:16.621] [bmv2] [D] [thread 14900] [41.0] [cxt 0] Parser 'parser' entering state 'start'
[22:22:16.621] [bmv2] [D] [thread 14900] [41.0] [cxt 0] Extracting header 'ethernet'
[22:22:16.621] [bmv2] [D] [thread 14900] [41.0] [cxt 0] Parser state 'start': key is 86dd
[22:22:16.621] [bmv2] [T] [thread 14900] [41.0] [cxt 0] Bytes parsed: 14
[22:22:16.621] [bmv2] [D] [thread 14900] [41.0] [cxt 0] Parser 'parser': end
[22:22:16.621] [bmv2] [D] [thread 14900] [41.0] [cxt 0] Pipeline 'ingress': start
[22:22:16.621] [bmv2] [T] [thread 14900] [41.0] [cxt 0] basic.p4(114) Condition "hdr.ipv4.isValid()" (node_2) is false
[22:22:16.621] [bmv2] [D] [thread 14900] [41.0] [cxt 0] Pipeline 'ingress': end
[22:22:16.621] [bmv2] [D] [thread 14900] [41.0] [cxt 0] Egress port is 0
[22:22:16.621] [bmv2] [D] [thread 14901] [41.0] [cxt 0] Pipeline 'egress': start
[22:22:16.621] [bmv2] [D] [thread 14901] [41.0] [cxt 0] Pipeline 'egress': end
[22:22:16.621] [bmv2] [D] [thread 14901] [41.0] [cxt 0] Deparser 'deparser': start
[22:22:16.621] [bmv2] [T] [thread 14901] [41.0] [cxt 0] Skipping checksum 'cksum' update because condition not met
[22:22:16.621] [bmv2] [D] [thread 14901] [41.0] [cxt 0] Deparsing header 'ethernet'
[22:22:16.621] [bmv2] [D] [thread 14901] [41.0] [cxt 0] Deparser 'deparser': end
[22:22:16.621] [bmv2] [D] [thread 14905] [41.0] [cxt 0] Transmitting packet of size 107 out of port 0
open: No such file or directory
open: No such file or directory
